{"C:\\Users\\Pcfwd\\OneDrive\\Escritorio\\BACKEND\\proyectos\\olimpiadas_especiales\\OlimpiadasEspeciales_CostaRica\\Backend\\controllers\\IAController.js": {"path":"C:\\Users\\Pcfwd\\OneDrive\\Escritorio\\BACKEND\\proyectos\\olimpiadas_especiales\\OlimpiadasEspeciales_CostaRica\\Backend\\controllers\\IAController.js","statementMap":{"0":{"start":{"line":5,"column":18},"end":{"line":5,"column":50}},"1":{"start":{"line":6,"column":17},"end":{"line":6,"column":47}},"2":{"start":{"line":7,"column":15},"end":{"line":7,"column":42}},"3":{"start":{"line":8,"column":24},"end":{"line":8,"column":60}},"4":{"start":{"line":9,"column":26},"end":{"line":9,"column":64}},"5":{"start":{"line":10,"column":22},"end":{"line":10,"column":56}},"6":{"start":{"line":12,"column":21},"end":{"line":100,"column":1}},"7":{"start":{"line":19,"column":8},"end":{"line":31,"column":9}},"8":{"start":{"line":20,"column":31},"end":{"line":20,"column":39}},"9":{"start":{"line":23,"column":33},"end":{"line":23,"column":71}},"10":{"start":{"line":26,"column":30},"end":{"line":26,"column":85}},"11":{"start":{"line":28,"column":12},"end":{"line":28,"column":70}},"12":{"start":{"line":30,"column":12},"end":{"line":30,"column":82}},"13":{"start":{"line":40,"column":8},"end":{"line":58,"column":9}},"14":{"start":{"line":41,"column":33},"end":{"line":41,"column":43}},"15":{"start":{"line":44,"column":27},"end":{"line":44,"column":58}},"16":{"start":{"line":45,"column":32},"end":{"line":45,"column":97}},"17":{"start":{"line":46,"column":33},"end":{"line":46,"column":100}},"18":{"start":{"line":47,"column":29},"end":{"line":47,"column":92}},"19":{"start":{"line":50,"column":32},"end":{"line":50,"column":103}},"20":{"start":{"line":53,"column":29},"end":{"line":53,"column":77}},"21":{"start":{"line":55,"column":12},"end":{"line":55,"column":69}},"22":{"start":{"line":57,"column":12},"end":{"line":57,"column":82}},"23":{"start":{"line":66,"column":8},"end":{"line":78,"column":9}},"24":{"start":{"line":67,"column":37},"end":{"line":67,"column":45}},"25":{"start":{"line":69,"column":12},"end":{"line":71,"column":13}},"26":{"start":{"line":70,"column":16},"end":{"line":70,"column":118}},"27":{"start":{"line":73,"column":30},"end":{"line":73,"column":80}},"28":{"start":{"line":75,"column":12},"end":{"line":75,"column":77}},"29":{"start":{"line":77,"column":12},"end":{"line":77,"column":82}},"30":{"start":{"line":86,"column":8},"end":{"line":98,"column":9}},"31":{"start":{"line":87,"column":37},"end":{"line":87,"column":45}},"32":{"start":{"line":89,"column":12},"end":{"line":91,"column":13}},"33":{"start":{"line":90,"column":16},"end":{"line":90,"column":120}},"34":{"start":{"line":93,"column":30},"end":{"line":93,"column":88}},"35":{"start":{"line":95,"column":12},"end":{"line":95,"column":83}},"36":{"start":{"line":97,"column":12},"end":{"line":97,"column":82}},"37":{"start":{"line":102,"column":0},"end":{"line":102,"column":30}}},"fnMap":{"0":{"name":"(anonymous_0)","decl":{"start":{"line":18,"column":24},"end":{"line":18,"column":25}},"loc":{"start":{"line":18,"column":44},"end":{"line":32,"column":5}},"line":18},"1":{"name":"(anonymous_1)","decl":{"start":{"line":39,"column":25},"end":{"line":39,"column":26}},"loc":{"start":{"line":39,"column":45},"end":{"line":59,"column":5}},"line":39},"2":{"name":"(anonymous_2)","decl":{"start":{"line":65,"column":28},"end":{"line":65,"column":29}},"loc":{"start":{"line":65,"column":48},"end":{"line":79,"column":5}},"line":65},"3":{"name":"(anonymous_3)","decl":{"start":{"line":85,"column":25},"end":{"line":85,"column":26}},"loc":{"start":{"line":85,"column":45},"end":{"line":99,"column":5}},"line":85}},"branchMap":{"0":{"loc":{"start":{"line":69,"column":12},"end":{"line":71,"column":13}},"type":"if","locations":[{"start":{"line":69,"column":12},"end":{"line":71,"column":13}},{"start":{},"end":{}}],"line":69},"1":{"loc":{"start":{"line":89,"column":12},"end":{"line":91,"column":13}},"type":"if","locations":[{"start":{"line":89,"column":12},"end":{"line":91,"column":13}},{"start":{},"end":{}}],"line":89}},"s":{"0":0,"1":0,"2":0,"3":0,"4":0,"5":0,"6":0,"7":0,"8":0,"9":0,"10":0,"11":0,"12":0,"13":0,"14":0,"15":0,"16":0,"17":0,"18":0,"19":0,"20":0,"21":0,"22":0,"23":0,"24":0,"25":0,"26":0,"27":0,"28":0,"29":0,"30":0,"31":0,"32":0,"33":0,"34":0,"35":0,"36":0,"37":0},"f":{"0":0,"1":0,"2":0,"3":0},"b":{"0":[0,0],"1":[0,0]}}
,"C:\\Users\\Pcfwd\\OneDrive\\Escritorio\\BACKEND\\proyectos\\olimpiadas_especiales\\OlimpiadasEspeciales_CostaRica\\Backend\\controllers\\adminController.js": {"path":"C:\\Users\\Pcfwd\\OneDrive\\Escritorio\\BACKEND\\proyectos\\olimpiadas_especiales\\OlimpiadasEspeciales_CostaRica\\Backend\\controllers\\adminController.js","statementMap":{"0":{"start":{"line":1,"column":19},"end":{"line":1,"column":48}},"1":{"start":{"line":2,"column":41},"end":{"line":2,"column":47}},"2":{"start":{"line":3,"column":19},"end":{"line":3,"column":36}},"3":{"start":{"line":4,"column":43},"end":{"line":4,"column":74}},"4":{"start":{"line":7,"column":26},"end":{"line":33,"column":1}},"5":{"start":{"line":8,"column":16},"end":{"line":8,"column":19}},"6":{"start":{"line":9,"column":26},"end":{"line":9,"column":28}},"7":{"start":{"line":12,"column":19},"end":{"line":12,"column":79}},"8":{"start":{"line":13,"column":4},"end":{"line":13,"column":83}},"9":{"start":{"line":13,"column":29},"end":{"line":13,"column":41}},"10":{"start":{"line":13,"column":42},"end":{"line":13,"column":81}},"11":{"start":{"line":14,"column":4},"end":{"line":14,"column":87}},"12":{"start":{"line":14,"column":29},"end":{"line":14,"column":41}},"13":{"start":{"line":14,"column":42},"end":{"line":14,"column":85}},"14":{"start":{"line":15,"column":4},"end":{"line":15,"column":115}},"15":{"start":{"line":15,"column":51},"end":{"line":15,"column":63}},"16":{"start":{"line":15,"column":64},"end":{"line":15,"column":113}},"17":{"start":{"line":18,"column":19},"end":{"line":18,"column":52}},"18":{"start":{"line":19,"column":4},"end":{"line":19,"column":129}},"19":{"start":{"line":19,"column":65},"end":{"line":19,"column":77}},"20":{"start":{"line":19,"column":78},"end":{"line":19,"column":127}},"21":{"start":{"line":20,"column":4},"end":{"line":20,"column":126}},"22":{"start":{"line":20,"column":63},"end":{"line":20,"column":75}},"23":{"start":{"line":20,"column":76},"end":{"line":20,"column":124}},"24":{"start":{"line":23,"column":21},"end":{"line":23,"column":44}},"25":{"start":{"line":24,"column":4},"end":{"line":24,"column":132}},"26":{"start":{"line":24,"column":65},"end":{"line":24,"column":77}},"27":{"start":{"line":24,"column":78},"end":{"line":24,"column":130}},"28":{"start":{"line":26,"column":4},"end":{"line":26,"column":31}},"29":{"start":{"line":28,"column":4},"end":{"line":30,"column":43}},"30":{"start":{"line":28,"column":23},"end":{"line":28,"column":38}},"31":{"start":{"line":28,"column":39},"end":{"line":28,"column":55}},"32":{"start":{"line":29,"column":9},"end":{"line":30,"column":43}},"33":{"start":{"line":29,"column":28},"end":{"line":29,"column":44}},"34":{"start":{"line":29,"column":45},"end":{"line":29,"column":62}},"35":{"start":{"line":30,"column":11},"end":{"line":30,"column":26}},"36":{"start":{"line":30,"column":27},"end":{"line":30,"column":41}},"37":{"start":{"line":32,"column":4},"end":{"line":32,"column":50}},"38":{"start":{"line":39,"column":24},"end":{"line":120,"column":1}},"39":{"start":{"line":45,"column":4},"end":{"line":76,"column":5}},"40":{"start":{"line":46,"column":26},"end":{"line":46,"column":86}},"41":{"start":{"line":48,"column":24},"end":{"line":71,"column":8}},"42":{"start":{"line":49,"column":26},"end":{"line":49,"column":46}},"43":{"start":{"line":50,"column":8},"end":{"line":70,"column":10}},"44":{"start":{"line":73,"column":6},"end":{"line":73,"column":96}},"45":{"start":{"line":75,"column":6},"end":{"line":75,"column":64}},"46":{"start":{"line":84,"column":4},"end":{"line":97,"column":5}},"47":{"start":{"line":85,"column":27},"end":{"line":85,"column":47}},"48":{"start":{"line":86,"column":31},"end":{"line":86,"column":55}},"49":{"start":{"line":87,"column":25},"end":{"line":87,"column":83}},"50":{"start":{"line":89,"column":6},"end":{"line":94,"column":36}},"51":{"start":{"line":96,"column":6},"end":{"line":96,"column":64}},"52":{"start":{"line":106,"column":4},"end":{"line":118,"column":30}},"53":{"start":{"line":122,"column":0},"end":{"line":122,"column":33}}},"fnMap":{"0":{"name":"(anonymous_0)","decl":{"start":{"line":7,"column":26},"end":{"line":7,"column":27}},"loc":{"start":{"line":7,"column":40},"end":{"line":33,"column":1}},"line":7},"1":{"name":"(anonymous_1)","decl":{"start":{"line":44,"column":26},"end":{"line":44,"column":27}},"loc":{"start":{"line":44,"column":46},"end":{"line":77,"column":3}},"line":44},"2":{"name":"(anonymous_2)","decl":{"start":{"line":48,"column":40},"end":{"line":48,"column":41}},"loc":{"start":{"line":48,"column":45},"end":{"line":71,"column":7}},"line":48},"3":{"name":"(anonymous_3)","decl":{"start":{"line":83,"column":12},"end":{"line":83,"column":13}},"loc":{"start":{"line":83,"column":32},"end":{"line":98,"column":3}},"line":83},"4":{"name":"(anonymous_4)","decl":{"start":{"line":104,"column":15},"end":{"line":104,"column":16}},"loc":{"start":{"line":104,"column":35},"end":{"line":119,"column":3}},"line":104}},"branchMap":{"0":{"loc":{"start":{"line":12,"column":22},"end":{"line":12,"column":43}},"type":"binary-expr","locations":[{"start":{"line":12,"column":22},"end":{"line":12,"column":37}},{"start":{"line":12,"column":41},"end":{"line":12,"column":43}}],"line":12},"1":{"loc":{"start":{"line":12,"column":47},"end":{"line":12,"column":70}},"type":"binary-expr","locations":[{"start":{"line":12,"column":47},"end":{"line":12,"column":64}},{"start":{"line":12,"column":68},"end":{"line":12,"column":70}}],"line":12},"2":{"loc":{"start":{"line":13,"column":4},"end":{"line":13,"column":83}},"type":"if","locations":[{"start":{"line":13,"column":4},"end":{"line":13,"column":83}},{"start":{},"end":{}}],"line":13},"3":{"loc":{"start":{"line":14,"column":4},"end":{"line":14,"column":87}},"type":"if","locations":[{"start":{"line":14,"column":4},"end":{"line":14,"column":87}},{"start":{},"end":{}}],"line":14},"4":{"loc":{"start":{"line":15,"column":4},"end":{"line":15,"column":115}},"type":"if","locations":[{"start":{"line":15,"column":4},"end":{"line":15,"column":115}},{"start":{},"end":{}}],"line":15},"5":{"loc":{"start":{"line":18,"column":19},"end":{"line":18,"column":52}},"type":"binary-expr","locations":[{"start":{"line":18,"column":19},"end":{"line":18,"column":46}},{"start":{"line":18,"column":50},"end":{"line":18,"column":52}}],"line":18},"6":{"loc":{"start":{"line":19,"column":4},"end":{"line":19,"column":129}},"type":"if","locations":[{"start":{"line":19,"column":4},"end":{"line":19,"column":129}},{"start":{},"end":{}}],"line":19},"7":{"loc":{"start":{"line":19,"column":8},"end":{"line":19,"column":61}},"type":"binary-expr","locations":[{"start":{"line":19,"column":8},"end":{"line":19,"column":15}},{"start":{"line":19,"column":19},"end":{"line":19,"column":61}}],"line":19},"8":{"loc":{"start":{"line":20,"column":4},"end":{"line":20,"column":126}},"type":"if","locations":[{"start":{"line":20,"column":4},"end":{"line":20,"column":126}},{"start":{},"end":{}}],"line":20},"9":{"loc":{"start":{"line":23,"column":21},"end":{"line":23,"column":44}},"type":"binary-expr","locations":[{"start":{"line":23,"column":21},"end":{"line":23,"column":38}},{"start":{"line":23,"column":42},"end":{"line":23,"column":44}}],"line":23},"10":{"loc":{"start":{"line":24,"column":4},"end":{"line":24,"column":132}},"type":"if","locations":[{"start":{"line":24,"column":4},"end":{"line":24,"column":132}},{"start":{},"end":{}}],"line":24},"11":{"loc":{"start":{"line":28,"column":4},"end":{"line":30,"column":43}},"type":"if","locations":[{"start":{"line":28,"column":4},"end":{"line":30,"column":43}},{"start":{"line":29,"column":9},"end":{"line":30,"column":43}}],"line":28},"12":{"loc":{"start":{"line":29,"column":9},"end":{"line":30,"column":43}},"type":"if","locations":[{"start":{"line":29,"column":9},"end":{"line":30,"column":43}},{"start":{"line":30,"column":9},"end":{"line":30,"column":43}}],"line":29}},"s":{"0":0,"1":0,"2":0,"3":0,"4":0,"5":0,"6":0,"7":0,"8":0,"9":0,"10":0,"11":0,"12":0,"13":0,"14":0,"15":0,"16":0,"17":0,"18":0,"19":0,"20":0,"21":0,"22":0,"23":0,"24":0,"25":0,"26":0,"27":0,"28":0,"29":0,"30":0,"31":0,"32":0,"33":0,"34":0,"35":0,"36":0,"37":0,"38":0,"39":0,"40":0,"41":0,"42":0,"43":0,"44":0,"45":0,"46":0,"47":0,"48":0,"49":0,"50":0,"51":0,"52":0,"53":0},"f":{"0":0,"1":0,"2":0,"3":0,"4":0},"b":{"0":[0,0],"1":[0,0],"2":[0,0],"3":[0,0],"4":[0,0],"5":[0,0],"6":[0,0],"7":[0,0],"8":[0,0],"9":[0,0],"10":[0,0],"11":[0,0],"12":[0,0]}}
,"C:\\Users\\Pcfwd\\OneDrive\\Escritorio\\BACKEND\\proyectos\\olimpiadas_especiales\\OlimpiadasEspeciales_CostaRica\\Backend\\controllers\\atletaController.js": {"path":"C:\\Users\\Pcfwd\\OneDrive\\Escritorio\\BACKEND\\proyectos\\olimpiadas_especiales\\OlimpiadasEspeciales_CostaRica\\Backend\\controllers\\atletaController.js","statementMap":{"0":{"start":{"line":1,"column":15},"end":{"line":1,"column":42}},"1":{"start":{"line":2,"column":24},"end":{"line":2,"column":60}},"2":{"start":{"line":3,"column":26},"end":{"line":3,"column":64}},"3":{"start":{"line":4,"column":24},"end":{"line":4,"column":60}},"4":{"start":{"line":5,"column":26},"end":{"line":5,"column":64}},"5":{"start":{"line":6,"column":22},"end":{"line":6,"column":56}},"6":{"start":{"line":7,"column":15},"end":{"line":7,"column":35}},"7":{"start":{"line":8,"column":73},"end":{"line":8,"column":104}},"8":{"start":{"line":9,"column":26},"end":{"line":9,"column":54}},"9":{"start":{"line":10,"column":25},"end":{"line":10,"column":64}},"10":{"start":{"line":18,"column":25},"end":{"line":394,"column":1}},"11":{"start":{"line":25,"column":4},"end":{"line":56,"column":5}},"12":{"start":{"line":26,"column":38},"end":{"line":26,"column":62}},"13":{"start":{"line":27,"column":25},"end":{"line":27,"column":34}},"14":{"start":{"line":29,"column":26},"end":{"line":29,"column":28}},"15":{"start":{"line":30,"column":6},"end":{"line":37,"column":7}},"16":{"start":{"line":31,"column":8},"end":{"line":36,"column":10}},"17":{"start":{"line":39,"column":39},"end":{"line":51,"column":8}},"18":{"start":{"line":52,"column":19},"end":{"line":52,"column":52}},"19":{"start":{"line":53,"column":6},"end":{"line":53,"column":94}},"20":{"start":{"line":55,"column":6},"end":{"line":55,"column":94}},"21":{"start":{"line":64,"column":4},"end":{"line":90,"column":5}},"22":{"start":{"line":65,"column":19},"end":{"line":65,"column":29}},"23":{"start":{"line":66,"column":6},"end":{"line":66,"column":97}},"24":{"start":{"line":66,"column":15},"end":{"line":66,"column":97}},"25":{"start":{"line":69,"column":6},"end":{"line":71,"column":7}},"26":{"start":{"line":70,"column":8},"end":{"line":70,"column":30}},"27":{"start":{"line":73,"column":21},"end":{"line":81,"column":8}},"28":{"start":{"line":83,"column":6},"end":{"line":85,"column":7}},"29":{"start":{"line":84,"column":8},"end":{"line":84,"column":80}},"30":{"start":{"line":87,"column":6},"end":{"line":87,"column":85}},"31":{"start":{"line":89,"column":6},"end":{"line":89,"column":92}},"32":{"start":{"line":98,"column":14},"end":{"line":98,"column":73}},"33":{"start":{"line":99,"column":4},"end":{"line":215,"column":5}},"34":{"start":{"line":100,"column":19},"end":{"line":100,"column":45}},"35":{"start":{"line":101,"column":6},"end":{"line":103,"column":7}},"36":{"start":{"line":102,"column":8},"end":{"line":102,"column":108}},"37":{"start":{"line":106,"column":25},"end":{"line":106,"column":42}},"38":{"start":{"line":107,"column":27},"end":{"line":107,"column":53}},"39":{"start":{"line":109,"column":6},"end":{"line":113,"column":7}},"40":{"start":{"line":110,"column":23},"end":{"line":110,"column":53}},"41":{"start":{"line":111,"column":8},"end":{"line":111,"column":33}},"42":{"start":{"line":112,"column":8},"end":{"line":112,"column":51}},"43":{"start":{"line":115,"column":6},"end":{"line":115,"column":50}},"44":{"start":{"line":115,"column":27},"end":{"line":115,"column":50}},"45":{"start":{"line":118,"column":28},"end":{"line":138,"column":7}},"46":{"start":{"line":140,"column":26},"end":{"line":140,"column":80}},"47":{"start":{"line":143,"column":6},"end":{"line":147,"column":7}},"48":{"start":{"line":144,"column":8},"end":{"line":146,"column":9}},"49":{"start":{"line":145,"column":10},"end":{"line":145,"column":107}},"50":{"start":{"line":150,"column":6},"end":{"line":161,"column":7}},"51":{"start":{"line":151,"column":8},"end":{"line":160,"column":9}},"52":{"start":{"line":152,"column":10},"end":{"line":159,"column":11}},"53":{"start":{"line":153,"column":12},"end":{"line":158,"column":35}},"54":{"start":{"line":164,"column":6},"end":{"line":171,"column":7}},"55":{"start":{"line":165,"column":8},"end":{"line":170,"column":9}},"56":{"start":{"line":166,"column":10},"end":{"line":169,"column":33}},"57":{"start":{"line":174,"column":27},"end":{"line":179,"column":36}},"58":{"start":{"line":179,"column":20},"end":{"line":179,"column":35}},"59":{"start":{"line":181,"column":6},"end":{"line":183,"column":7}},"60":{"start":{"line":182,"column":8},"end":{"line":182,"column":109}},"61":{"start":{"line":185,"column":6},"end":{"line":185,"column":23}},"62":{"start":{"line":188,"column":8},"end":{"line":188,"column":70}},"63":{"start":{"line":189,"column":31},"end":{"line":189,"column":33}},"64":{"start":{"line":190,"column":6},"end":{"line":199,"column":7}},"65":{"start":{"line":191,"column":8},"end":{"line":198,"column":9}},"66":{"start":{"line":192,"column":10},"end":{"line":195,"column":12}},"67":{"start":{"line":197,"column":10},"end":{"line":197,"column":77}},"68":{"start":{"line":201,"column":6},"end":{"line":206,"column":8}},"69":{"start":{"line":208,"column":6},"end":{"line":208,"column":25}},"70":{"start":{"line":209,"column":6},"end":{"line":209,"column":53}},"71":{"start":{"line":210,"column":6},"end":{"line":212,"column":7}},"72":{"start":{"line":211,"column":8},"end":{"line":211,"column":113}},"73":{"start":{"line":211,"column":100},"end":{"line":211,"column":109}},"74":{"start":{"line":213,"column":6},"end":{"line":213,"column":72}},"75":{"start":{"line":213,"column":65},"end":{"line":213,"column":72}},"76":{"start":{"line":214,"column":6},"end":{"line":214,"column":90}},"77":{"start":{"line":223,"column":4},"end":{"line":282,"column":5}},"78":{"start":{"line":224,"column":19},"end":{"line":224,"column":29}},"79":{"start":{"line":225,"column":6},"end":{"line":225,"column":97}},"80":{"start":{"line":225,"column":15},"end":{"line":225,"column":97}},"81":{"start":{"line":228,"column":6},"end":{"line":230,"column":7}},"82":{"start":{"line":229,"column":8},"end":{"line":229,"column":30}},"83":{"start":{"line":232,"column":19},"end":{"line":232,"column":27}},"84":{"start":{"line":233,"column":6},"end":{"line":235,"column":7}},"85":{"start":{"line":234,"column":8},"end":{"line":234,"column":103}},"86":{"start":{"line":238,"column":22},"end":{"line":238,"column":24}},"87":{"start":{"line":239,"column":6},"end":{"line":250,"column":7}},"88":{"start":{"line":240,"column":27},"end":{"line":240,"column":38}},"89":{"start":{"line":241,"column":29},"end":{"line":241,"column":72}},"90":{"start":{"line":243,"column":8},"end":{"line":247,"column":9}},"91":{"start":{"line":244,"column":25},"end":{"line":244,"column":55}},"92":{"start":{"line":245,"column":10},"end":{"line":245,"column":35}},"93":{"start":{"line":246,"column":10},"end":{"line":246,"column":53}},"94":{"start":{"line":248,"column":8},"end":{"line":248,"column":38}},"95":{"start":{"line":249,"column":8},"end":{"line":249,"column":69}},"96":{"start":{"line":249,"column":28},"end":{"line":249,"column":69}},"97":{"start":{"line":252,"column":6},"end":{"line":252,"column":79}},"98":{"start":{"line":252,"column":32},"end":{"line":252,"column":79}},"99":{"start":{"line":253,"column":6},"end":{"line":253,"column":82}},"100":{"start":{"line":253,"column":33},"end":{"line":253,"column":82}},"101":{"start":{"line":254,"column":6},"end":{"line":254,"column":130}},"102":{"start":{"line":254,"column":57},"end":{"line":254,"column":130}},"103":{"start":{"line":255,"column":6},"end":{"line":255,"column":52}},"104":{"start":{"line":255,"column":23},"end":{"line":255,"column":52}},"105":{"start":{"line":256,"column":6},"end":{"line":256,"column":58}},"106":{"start":{"line":256,"column":25},"end":{"line":256,"column":58}},"107":{"start":{"line":257,"column":6},"end":{"line":257,"column":140}},"108":{"start":{"line":257,"column":61},"end":{"line":257,"column":140}},"109":{"start":{"line":258,"column":6},"end":{"line":258,"column":52}},"110":{"start":{"line":258,"column":23},"end":{"line":258,"column":52}},"111":{"start":{"line":259,"column":6},"end":{"line":259,"column":46}},"112":{"start":{"line":259,"column":21},"end":{"line":259,"column":46}},"113":{"start":{"line":260,"column":6},"end":{"line":260,"column":61}},"114":{"start":{"line":260,"column":26},"end":{"line":260,"column":61}},"115":{"start":{"line":261,"column":6},"end":{"line":261,"column":83}},"116":{"start":{"line":261,"column":33},"end":{"line":261,"column":83}},"117":{"start":{"line":262,"column":6},"end":{"line":262,"column":89}},"118":{"start":{"line":262,"column":35},"end":{"line":262,"column":89}},"119":{"start":{"line":263,"column":6},"end":{"line":263,"column":52}},"120":{"start":{"line":263,"column":23},"end":{"line":263,"column":52}},"121":{"start":{"line":264,"column":6},"end":{"line":264,"column":67}},"122":{"start":{"line":264,"column":28},"end":{"line":264,"column":67}},"123":{"start":{"line":265,"column":6},"end":{"line":265,"column":120}},"124":{"start":{"line":265,"column":53},"end":{"line":265,"column":120}},"125":{"start":{"line":267,"column":28},"end":{"line":267,"column":75}},"126":{"start":{"line":269,"column":6},"end":{"line":272,"column":7}},"127":{"start":{"line":270,"column":34},"end":{"line":270,"column":59}},"128":{"start":{"line":271,"column":8},"end":{"line":271,"column":108}},"129":{"start":{"line":274,"column":6},"end":{"line":274,"column":87}},"130":{"start":{"line":276,"column":6},"end":{"line":276,"column":58}},"131":{"start":{"line":277,"column":6},"end":{"line":279,"column":7}},"132":{"start":{"line":278,"column":8},"end":{"line":278,"column":113}},"133":{"start":{"line":278,"column":100},"end":{"line":278,"column":109}},"134":{"start":{"line":280,"column":6},"end":{"line":280,"column":77}},"135":{"start":{"line":280,"column":70},"end":{"line":280,"column":77}},"136":{"start":{"line":281,"column":6},"end":{"line":281,"column":95}},"137":{"start":{"line":290,"column":4},"end":{"line":303,"column":5}},"138":{"start":{"line":291,"column":21},"end":{"line":291,"column":31}},"139":{"start":{"line":292,"column":6},"end":{"line":292,"column":97}},"140":{"start":{"line":292,"column":15},"end":{"line":292,"column":97}},"141":{"start":{"line":294,"column":24},"end":{"line":294,"column":63}},"142":{"start":{"line":296,"column":6},"end":{"line":298,"column":7}},"143":{"start":{"line":297,"column":8},"end":{"line":297,"column":93}},"144":{"start":{"line":300,"column":6},"end":{"line":300,"column":71}},"145":{"start":{"line":302,"column":6},"end":{"line":302,"column":93}},"146":{"start":{"line":310,"column":4},"end":{"line":319,"column":5}},"147":{"start":{"line":311,"column":21},"end":{"line":311,"column":31}},"148":{"start":{"line":312,"column":6},"end":{"line":312,"column":97}},"149":{"start":{"line":312,"column":15},"end":{"line":312,"column":97}},"150":{"start":{"line":314,"column":25},"end":{"line":314,"column":84}},"151":{"start":{"line":315,"column":19},"end":{"line":315,"column":82}},"152":{"start":{"line":315,"column":41},"end":{"line":315,"column":81}},"153":{"start":{"line":316,"column":6},"end":{"line":316,"column":88}},"154":{"start":{"line":318,"column":6},"end":{"line":318,"column":93}},"155":{"start":{"line":328,"column":4},"end":{"line":350,"column":5}},"156":{"start":{"line":329,"column":21},"end":{"line":329,"column":31}},"157":{"start":{"line":330,"column":6},"end":{"line":330,"column":97}},"158":{"start":{"line":330,"column":15},"end":{"line":330,"column":97}},"159":{"start":{"line":332,"column":6},"end":{"line":334,"column":7}},"160":{"start":{"line":333,"column":8},"end":{"line":333,"column":107}},"161":{"start":{"line":336,"column":51},"end":{"line":336,"column":59}},"162":{"start":{"line":337,"column":18},"end":{"line":342,"column":7}},"163":{"start":{"line":344,"column":6},"end":{"line":344,"column":84}},"164":{"start":{"line":346,"column":6},"end":{"line":348,"column":7}},"165":{"start":{"line":347,"column":8},"end":{"line":347,"column":113}},"166":{"start":{"line":347,"column":100},"end":{"line":347,"column":109}},"167":{"start":{"line":349,"column":6},"end":{"line":349,"column":92}},"168":{"start":{"line":354,"column":4},"end":{"line":372,"column":5}},"169":{"start":{"line":355,"column":28},"end":{"line":355,"column":38}},"170":{"start":{"line":356,"column":18},"end":{"line":356,"column":80}},"171":{"start":{"line":357,"column":6},"end":{"line":357,"column":91}},"172":{"start":{"line":357,"column":16},"end":{"line":357,"column":91}},"173":{"start":{"line":359,"column":19},"end":{"line":359,"column":60}},"174":{"start":{"line":360,"column":6},"end":{"line":362,"column":7}},"175":{"start":{"line":361,"column":8},"end":{"line":361,"column":89}},"176":{"start":{"line":364,"column":6},"end":{"line":364,"column":52}},"177":{"start":{"line":365,"column":6},"end":{"line":368,"column":8}},"178":{"start":{"line":369,"column":6},"end":{"line":369,"column":35}},"179":{"start":{"line":371,"column":6},"end":{"line":371,"column":94}},"180":{"start":{"line":380,"column":4},"end":{"line":392,"column":5}},"181":{"start":{"line":381,"column":28},"end":{"line":381,"column":38}},"182":{"start":{"line":382,"column":6},"end":{"line":382,"column":125}},"183":{"start":{"line":382,"column":25},"end":{"line":382,"column":125}},"184":{"start":{"line":384,"column":24},"end":{"line":384,"column":78}},"185":{"start":{"line":386,"column":6},"end":{"line":388,"column":7}},"186":{"start":{"line":387,"column":8},"end":{"line":387,"column":96}},"187":{"start":{"line":389,"column":6},"end":{"line":389,"column":74}},"188":{"start":{"line":391,"column":6},"end":{"line":391,"column":96}},"189":{"start":{"line":396,"column":0},"end":{"line":396,"column":34}}},"fnMap":{"0":{"name":"(anonymous_0)","decl":{"start":{"line":24,"column":26},"end":{"line":24,"column":27}},"loc":{"start":{"line":24,"column":46},"end":{"line":57,"column":3}},"line":24},"1":{"name":"(anonymous_1)","decl":{"start":{"line":63,"column":22},"end":{"line":63,"column":23}},"loc":{"start":{"line":63,"column":42},"end":{"line":91,"column":3}},"line":63},"2":{"name":"(anonymous_2)","decl":{"start":{"line":97,"column":15},"end":{"line":97,"column":16}},"loc":{"start":{"line":97,"column":35},"end":{"line":216,"column":3}},"line":97},"3":{"name":"(anonymous_3)","decl":{"start":{"line":179,"column":15},"end":{"line":179,"column":16}},"loc":{"start":{"line":179,"column":20},"end":{"line":179,"column":35}},"line":179},"4":{"name":"(anonymous_4)","decl":{"start":{"line":211,"column":95},"end":{"line":211,"column":96}},"loc":{"start":{"line":211,"column":100},"end":{"line":211,"column":109}},"line":211},"5":{"name":"(anonymous_5)","decl":{"start":{"line":222,"column":20},"end":{"line":222,"column":21}},"loc":{"start":{"line":222,"column":40},"end":{"line":283,"column":3}},"line":222},"6":{"name":"(anonymous_6)","decl":{"start":{"line":278,"column":95},"end":{"line":278,"column":96}},"loc":{"start":{"line":278,"column":100},"end":{"line":278,"column":109}},"line":278},"7":{"name":"(anonymous_7)","decl":{"start":{"line":289,"column":18},"end":{"line":289,"column":19}},"loc":{"start":{"line":289,"column":38},"end":{"line":304,"column":3}},"line":289},"8":{"name":"(anonymous_8)","decl":{"start":{"line":309,"column":27},"end":{"line":309,"column":28}},"loc":{"start":{"line":309,"column":47},"end":{"line":320,"column":3}},"line":309},"9":{"name":"(anonymous_9)","decl":{"start":{"line":315,"column":34},"end":{"line":315,"column":35}},"loc":{"start":{"line":315,"column":41},"end":{"line":315,"column":81}},"line":315},"10":{"name":"(anonymous_10)","decl":{"start":{"line":327,"column":20},"end":{"line":327,"column":21}},"loc":{"start":{"line":327,"column":40},"end":{"line":351,"column":3}},"line":327},"11":{"name":"(anonymous_11)","decl":{"start":{"line":347,"column":95},"end":{"line":347,"column":96}},"loc":{"start":{"line":347,"column":100},"end":{"line":347,"column":109}},"line":347},"12":{"name":"(anonymous_12)","decl":{"start":{"line":353,"column":28},"end":{"line":353,"column":29}},"loc":{"start":{"line":353,"column":48},"end":{"line":373,"column":3}},"line":353},"13":{"name":"(anonymous_13)","decl":{"start":{"line":379,"column":21},"end":{"line":379,"column":22}},"loc":{"start":{"line":379,"column":41},"end":{"line":393,"column":3}},"line":379}},"branchMap":{"0":{"loc":{"start":{"line":30,"column":6},"end":{"line":37,"column":7}},"type":"if","locations":[{"start":{"line":30,"column":6},"end":{"line":37,"column":7}},{"start":{},"end":{}}],"line":30},"1":{"loc":{"start":{"line":66,"column":6},"end":{"line":66,"column":97}},"type":"if","locations":[{"start":{"line":66,"column":6},"end":{"line":66,"column":97}},{"start":{},"end":{}}],"line":66},"2":{"loc":{"start":{"line":69,"column":6},"end":{"line":71,"column":7}},"type":"if","locations":[{"start":{"line":69,"column":6},"end":{"line":71,"column":7}},{"start":{},"end":{}}],"line":69},"3":{"loc":{"start":{"line":69,"column":10},"end":{"line":69,"column":52}},"type":"binary-expr","locations":[{"start":{"line":69,"column":10},"end":{"line":69,"column":32}},{"start":{"line":69,"column":36},"end":{"line":69,"column":52}}],"line":69},"4":{"loc":{"start":{"line":83,"column":6},"end":{"line":85,"column":7}},"type":"if","locations":[{"start":{"line":83,"column":6},"end":{"line":85,"column":7}},{"start":{},"end":{}}],"line":83},"5":{"loc":{"start":{"line":100,"column":19},"end":{"line":100,"column":45}},"type":"binary-expr","locations":[{"start":{"line":100,"column":19},"end":{"line":100,"column":33}},{"start":{"line":100,"column":37},"end":{"line":100,"column":45}}],"line":100},"6":{"loc":{"start":{"line":101,"column":6},"end":{"line":103,"column":7}},"type":"if","locations":[{"start":{"line":101,"column":6},"end":{"line":103,"column":7}},{"start":{},"end":{}}],"line":101},"7":{"loc":{"start":{"line":101,"column":10},"end":{"line":101,"column":49}},"type":"binary-expr","locations":[{"start":{"line":101,"column":10},"end":{"line":101,"column":15}},{"start":{"line":101,"column":19},"end":{"line":101,"column":49}}],"line":101},"8":{"loc":{"start":{"line":106,"column":25},"end":{"line":106,"column":42}},"type":"binary-expr","locations":[{"start":{"line":106,"column":25},"end":{"line":106,"column":36}},{"start":{"line":106,"column":40},"end":{"line":106,"column":42}}],"line":106},"9":{"loc":{"start":{"line":107,"column":27},"end":{"line":107,"column":53}},"type":"binary-expr","locations":[{"start":{"line":107,"column":27},"end":{"line":107,"column":47}},{"start":{"line":107,"column":51},"end":{"line":107,"column":53}}],"line":107},"10":{"loc":{"start":{"line":109,"column":6},"end":{"line":113,"column":7}},"type":"if","locations":[{"start":{"line":109,"column":6},"end":{"line":113,"column":7}},{"start":{},"end":{}}],"line":109},"11":{"loc":{"start":{"line":109,"column":10},"end":{"line":109,"column":55}},"type":"binary-expr","locations":[{"start":{"line":109,"column":10},"end":{"line":109,"column":25}},{"start":{"line":109,"column":29},"end":{"line":109,"column":55}}],"line":109},"12":{"loc":{"start":{"line":115,"column":6},"end":{"line":115,"column":50}},"type":"if","locations":[{"start":{"line":115,"column":6},"end":{"line":115,"column":50}},{"start":{},"end":{}}],"line":115},"13":{"loc":{"start":{"line":121,"column":26},"end":{"line":121,"column":55}},"type":"binary-expr","locations":[{"start":{"line":121,"column":26},"end":{"line":121,"column":47}},{"start":{"line":121,"column":51},"end":{"line":121,"column":55}}],"line":121},"14":{"loc":{"start":{"line":122,"column":26},"end":{"line":122,"column":85}},"type":"binary-expr","locations":[{"start":{"line":122,"column":26},"end":{"line":122,"column":46}},{"start":{"line":122,"column":50},"end":{"line":122,"column":71}},{"start":{"line":122,"column":75},"end":{"line":122,"column":85}}],"line":122},"15":{"loc":{"start":{"line":123,"column":16},"end":{"line":123,"column":37}},"type":"binary-expr","locations":[{"start":{"line":123,"column":16},"end":{"line":123,"column":27}},{"start":{"line":123,"column":31},"end":{"line":123,"column":37}}],"line":123},"16":{"loc":{"start":{"line":124,"column":18},"end":{"line":124,"column":39}},"type":"binary-expr","locations":[{"start":{"line":124,"column":18},"end":{"line":124,"column":31}},{"start":{"line":124,"column":35},"end":{"line":124,"column":39}}],"line":124},"17":{"loc":{"start":{"line":125,"column":28},"end":{"line":125,"column":85}},"type":"binary-expr","locations":[{"start":{"line":125,"column":28},"end":{"line":125,"column":50}},{"start":{"line":125,"column":54},"end":{"line":125,"column":77}},{"start":{"line":125,"column":81},"end":{"line":125,"column":85}}],"line":125},"18":{"loc":{"start":{"line":126,"column":16},"end":{"line":126,"column":35}},"type":"binary-expr","locations":[{"start":{"line":126,"column":16},"end":{"line":126,"column":27}},{"start":{"line":126,"column":31},"end":{"line":126,"column":35}}],"line":126},"19":{"loc":{"start":{"line":127,"column":14},"end":{"line":127,"column":31}},"type":"binary-expr","locations":[{"start":{"line":127,"column":14},"end":{"line":127,"column":23}},{"start":{"line":127,"column":27},"end":{"line":127,"column":31}}],"line":127},"20":{"loc":{"start":{"line":128,"column":19},"end":{"line":128,"column":41}},"type":"binary-expr","locations":[{"start":{"line":128,"column":19},"end":{"line":128,"column":33}},{"start":{"line":128,"column":37},"end":{"line":128,"column":41}}],"line":128},"21":{"loc":{"start":{"line":129,"column":27},"end":{"line":129,"column":56}},"type":"binary-expr","locations":[{"start":{"line":129,"column":27},"end":{"line":129,"column":48}},{"start":{"line":129,"column":52},"end":{"line":129,"column":56}}],"line":129},"22":{"loc":{"start":{"line":130,"column":29},"end":{"line":130,"column":60}},"type":"binary-expr","locations":[{"start":{"line":130,"column":29},"end":{"line":130,"column":52}},{"start":{"line":130,"column":56},"end":{"line":130,"column":60}}],"line":130},"23":{"loc":{"start":{"line":131,"column":22},"end":{"line":131,"column":46}},"type":"binary-expr","locations":[{"start":{"line":131,"column":22},"end":{"line":131,"column":38}},{"start":{"line":131,"column":42},"end":{"line":131,"column":46}}],"line":131},"24":{"loc":{"start":{"line":132,"column":24},"end":{"line":132,"column":50}},"type":"binary-expr","locations":[{"start":{"line":132,"column":24},"end":{"line":132,"column":42}},{"start":{"line":132,"column":46},"end":{"line":132,"column":50}}],"line":132},"25":{"loc":{"start":{"line":133,"column":24},"end":{"line":133,"column":50}},"type":"binary-expr","locations":[{"start":{"line":133,"column":24},"end":{"line":133,"column":42}},{"start":{"line":133,"column":46},"end":{"line":133,"column":50}}],"line":133},"26":{"loc":{"start":{"line":134,"column":24},"end":{"line":134,"column":50}},"type":"binary-expr","locations":[{"start":{"line":134,"column":24},"end":{"line":134,"column":42}},{"start":{"line":134,"column":46},"end":{"line":134,"column":50}}],"line":134},"27":{"loc":{"start":{"line":135,"column":22},"end":{"line":135,"column":46}},"type":"binary-expr","locations":[{"start":{"line":135,"column":22},"end":{"line":135,"column":38}},{"start":{"line":135,"column":42},"end":{"line":135,"column":46}}],"line":135},"28":{"loc":{"start":{"line":136,"column":20},"end":{"line":136,"column":42}},"type":"binary-expr","locations":[{"start":{"line":136,"column":20},"end":{"line":136,"column":34}},{"start":{"line":136,"column":38},"end":{"line":136,"column":42}}],"line":136},"29":{"loc":{"start":{"line":137,"column":22},"end":{"line":137,"column":46}},"type":"binary-expr","locations":[{"start":{"line":137,"column":22},"end":{"line":137,"column":38}},{"start":{"line":137,"column":42},"end":{"line":137,"column":46}}],"line":137},"30":{"loc":{"start":{"line":143,"column":6},"end":{"line":147,"column":7}},"type":"if","locations":[{"start":{"line":143,"column":6},"end":{"line":147,"column":7}},{"start":{},"end":{}}],"line":143},"31":{"loc":{"start":{"line":143,"column":10},"end":{"line":143,"column":75}},"type":"binary-expr","locations":[{"start":{"line":143,"column":10},"end":{"line":143,"column":33}},{"start":{"line":143,"column":37},"end":{"line":143,"column":75}}],"line":143},"32":{"loc":{"start":{"line":150,"column":6},"end":{"line":161,"column":7}},"type":"if","locations":[{"start":{"line":150,"column":6},"end":{"line":161,"column":7}},{"start":{},"end":{}}],"line":150},"33":{"loc":{"start":{"line":150,"column":10},"end":{"line":150,"column":63}},"type":"binary-expr","locations":[{"start":{"line":150,"column":10},"end":{"line":150,"column":27}},{"start":{"line":150,"column":31},"end":{"line":150,"column":63}}],"line":150},"34":{"loc":{"start":{"line":152,"column":10},"end":{"line":159,"column":11}},"type":"if","locations":[{"start":{"line":152,"column":10},"end":{"line":159,"column":11}},{"start":{},"end":{}}],"line":152},"35":{"loc":{"start":{"line":156,"column":21},"end":{"line":156,"column":36}},"type":"binary-expr","locations":[{"start":{"line":156,"column":21},"end":{"line":156,"column":30}},{"start":{"line":156,"column":34},"end":{"line":156,"column":36}}],"line":156},"36":{"loc":{"start":{"line":157,"column":26},"end":{"line":157,"column":46}},"type":"binary-expr","locations":[{"start":{"line":157,"column":26},"end":{"line":157,"column":40}},{"start":{"line":157,"column":44},"end":{"line":157,"column":46}}],"line":157},"37":{"loc":{"start":{"line":164,"column":6},"end":{"line":171,"column":7}},"type":"if","locations":[{"start":{"line":164,"column":6},"end":{"line":171,"column":7}},{"start":{},"end":{}}],"line":164},"38":{"loc":{"start":{"line":164,"column":10},"end":{"line":164,"column":95}},"type":"binary-expr","locations":[{"start":{"line":164,"column":10},"end":{"line":164,"column":38}},{"start":{"line":164,"column":42},"end":{"line":164,"column":59}},{"start":{"line":164,"column":63},"end":{"line":164,"column":95}}],"line":164},"39":{"loc":{"start":{"line":168,"column":21},"end":{"line":168,"column":90}},"type":"cond-expr","locations":[{"start":{"line":168,"column":44},"end":{"line":168,"column":85}},{"start":{"line":168,"column":88},"end":{"line":168,"column":90}}],"line":168},"40":{"loc":{"start":{"line":175,"column":12},"end":{"line":175,"column":44}},"type":"binary-expr","locations":[{"start":{"line":175,"column":12},"end":{"line":175,"column":38}},{"start":{"line":175,"column":42},"end":{"line":175,"column":44}}],"line":175},"41":{"loc":{"start":{"line":176,"column":12},"end":{"line":176,"column":39}},"type":"binary-expr","locations":[{"start":{"line":176,"column":12},"end":{"line":176,"column":33}},{"start":{"line":176,"column":37},"end":{"line":176,"column":39}}],"line":176},"42":{"loc":{"start":{"line":177,"column":12},"end":{"line":177,"column":37}},"type":"binary-expr","locations":[{"start":{"line":177,"column":12},"end":{"line":177,"column":31}},{"start":{"line":177,"column":35},"end":{"line":177,"column":37}}],"line":177},"43":{"loc":{"start":{"line":178,"column":12},"end":{"line":178,"column":42}},"type":"binary-expr","locations":[{"start":{"line":178,"column":12},"end":{"line":178,"column":36}},{"start":{"line":178,"column":40},"end":{"line":178,"column":42}}],"line":178},"44":{"loc":{"start":{"line":188,"column":8},"end":{"line":188,"column":70}},"type":"binary-expr","locations":[{"start":{"line":188,"column":8},"end":{"line":188,"column":34}},{"start":{"line":188,"column":38},"end":{"line":188,"column":62}},{"start":{"line":188,"column":66},"end":{"line":188,"column":70}}],"line":188},"45":{"loc":{"start":{"line":190,"column":6},"end":{"line":199,"column":7}},"type":"if","locations":[{"start":{"line":190,"column":6},"end":{"line":199,"column":7}},{"start":{},"end":{}}],"line":190},"46":{"loc":{"start":{"line":210,"column":6},"end":{"line":212,"column":7}},"type":"if","locations":[{"start":{"line":210,"column":6},"end":{"line":212,"column":7}},{"start":{},"end":{}}],"line":210},"47":{"loc":{"start":{"line":213,"column":6},"end":{"line":213,"column":72}},"type":"if","locations":[{"start":{"line":213,"column":6},"end":{"line":213,"column":72}},{"start":{},"end":{}}],"line":213},"48":{"loc":{"start":{"line":225,"column":6},"end":{"line":225,"column":97}},"type":"if","locations":[{"start":{"line":225,"column":6},"end":{"line":225,"column":97}},{"start":{},"end":{}}],"line":225},"49":{"loc":{"start":{"line":228,"column":6},"end":{"line":230,"column":7}},"type":"if","locations":[{"start":{"line":228,"column":6},"end":{"line":230,"column":7}},{"start":{},"end":{}}],"line":228},"50":{"loc":{"start":{"line":228,"column":10},"end":{"line":228,"column":52}},"type":"binary-expr","locations":[{"start":{"line":228,"column":10},"end":{"line":228,"column":32}},{"start":{"line":228,"column":36},"end":{"line":228,"column":52}}],"line":228},"51":{"loc":{"start":{"line":233,"column":6},"end":{"line":235,"column":7}},"type":"if","locations":[{"start":{"line":233,"column":6},"end":{"line":235,"column":7}},{"start":{},"end":{}}],"line":233},"52":{"loc":{"start":{"line":233,"column":10},"end":{"line":233,"column":49}},"type":"binary-expr","locations":[{"start":{"line":233,"column":10},"end":{"line":233,"column":15}},{"start":{"line":233,"column":19},"end":{"line":233,"column":49}}],"line":233},"53":{"loc":{"start":{"line":239,"column":6},"end":{"line":250,"column":7}},"type":"if","locations":[{"start":{"line":239,"column":6},"end":{"line":250,"column":7}},{"start":{},"end":{}}],"line":239},"54":{"loc":{"start":{"line":241,"column":29},"end":{"line":241,"column":72}},"type":"binary-expr","locations":[{"start":{"line":241,"column":29},"end":{"line":241,"column":49}},{"start":{"line":241,"column":53},"end":{"line":241,"column":66}},{"start":{"line":241,"column":70},"end":{"line":241,"column":72}}],"line":241},"55":{"loc":{"start":{"line":243,"column":8},"end":{"line":247,"column":9}},"type":"if","locations":[{"start":{"line":243,"column":8},"end":{"line":247,"column":9}},{"start":{},"end":{}}],"line":243},"56":{"loc":{"start":{"line":243,"column":12},"end":{"line":243,"column":57}},"type":"binary-expr","locations":[{"start":{"line":243,"column":12},"end":{"line":243,"column":27}},{"start":{"line":243,"column":31},"end":{"line":243,"column":57}}],"line":243},"57":{"loc":{"start":{"line":249,"column":8},"end":{"line":249,"column":69}},"type":"if","locations":[{"start":{"line":249,"column":8},"end":{"line":249,"column":69}},{"start":{},"end":{}}],"line":249},"58":{"loc":{"start":{"line":252,"column":6},"end":{"line":252,"column":79}},"type":"if","locations":[{"start":{"line":252,"column":6},"end":{"line":252,"column":79}},{"start":{},"end":{}}],"line":252},"59":{"loc":{"start":{"line":253,"column":6},"end":{"line":253,"column":82}},"type":"if","locations":[{"start":{"line":253,"column":6},"end":{"line":253,"column":82}},{"start":{},"end":{}}],"line":253},"60":{"loc":{"start":{"line":254,"column":6},"end":{"line":254,"column":130}},"type":"if","locations":[{"start":{"line":254,"column":6},"end":{"line":254,"column":130}},{"start":{},"end":{}}],"line":254},"61":{"loc":{"start":{"line":254,"column":10},"end":{"line":254,"column":55}},"type":"binary-expr","locations":[{"start":{"line":254,"column":10},"end":{"line":254,"column":30}},{"start":{"line":254,"column":34},"end":{"line":254,"column":55}}],"line":254},"62":{"loc":{"start":{"line":254,"column":84},"end":{"line":254,"column":129}},"type":"binary-expr","locations":[{"start":{"line":254,"column":84},"end":{"line":254,"column":104}},{"start":{"line":254,"column":108},"end":{"line":254,"column":129}}],"line":254},"63":{"loc":{"start":{"line":255,"column":6},"end":{"line":255,"column":52}},"type":"if","locations":[{"start":{"line":255,"column":6},"end":{"line":255,"column":52}},{"start":{},"end":{}}],"line":255},"64":{"loc":{"start":{"line":256,"column":6},"end":{"line":256,"column":58}},"type":"if","locations":[{"start":{"line":256,"column":6},"end":{"line":256,"column":58}},{"start":{},"end":{}}],"line":256},"65":{"loc":{"start":{"line":257,"column":6},"end":{"line":257,"column":140}},"type":"if","locations":[{"start":{"line":257,"column":6},"end":{"line":257,"column":140}},{"start":{},"end":{}}],"line":257},"66":{"loc":{"start":{"line":257,"column":10},"end":{"line":257,"column":59}},"type":"binary-expr","locations":[{"start":{"line":257,"column":10},"end":{"line":257,"column":32}},{"start":{"line":257,"column":36},"end":{"line":257,"column":59}}],"line":257},"67":{"loc":{"start":{"line":257,"column":90},"end":{"line":257,"column":139}},"type":"binary-expr","locations":[{"start":{"line":257,"column":90},"end":{"line":257,"column":112}},{"start":{"line":257,"column":116},"end":{"line":257,"column":139}}],"line":257},"68":{"loc":{"start":{"line":258,"column":6},"end":{"line":258,"column":52}},"type":"if","locations":[{"start":{"line":258,"column":6},"end":{"line":258,"column":52}},{"start":{},"end":{}}],"line":258},"69":{"loc":{"start":{"line":259,"column":6},"end":{"line":259,"column":46}},"type":"if","locations":[{"start":{"line":259,"column":6},"end":{"line":259,"column":46}},{"start":{},"end":{}}],"line":259},"70":{"loc":{"start":{"line":260,"column":6},"end":{"line":260,"column":61}},"type":"if","locations":[{"start":{"line":260,"column":6},"end":{"line":260,"column":61}},{"start":{},"end":{}}],"line":260},"71":{"loc":{"start":{"line":261,"column":6},"end":{"line":261,"column":83}},"type":"if","locations":[{"start":{"line":261,"column":6},"end":{"line":261,"column":83}},{"start":{},"end":{}}],"line":261},"72":{"loc":{"start":{"line":262,"column":6},"end":{"line":262,"column":89}},"type":"if","locations":[{"start":{"line":262,"column":6},"end":{"line":262,"column":89}},{"start":{},"end":{}}],"line":262},"73":{"loc":{"start":{"line":263,"column":6},"end":{"line":263,"column":52}},"type":"if","locations":[{"start":{"line":263,"column":6},"end":{"line":263,"column":52}},{"start":{},"end":{}}],"line":263},"74":{"loc":{"start":{"line":264,"column":6},"end":{"line":264,"column":67}},"type":"if","locations":[{"start":{"line":264,"column":6},"end":{"line":264,"column":67}},{"start":{},"end":{}}],"line":264},"75":{"loc":{"start":{"line":265,"column":6},"end":{"line":265,"column":120}},"type":"if","locations":[{"start":{"line":265,"column":6},"end":{"line":265,"column":120}},{"start":{},"end":{}}],"line":265},"76":{"loc":{"start":{"line":265,"column":10},"end":{"line":265,"column":51}},"type":"binary-expr","locations":[{"start":{"line":265,"column":10},"end":{"line":265,"column":28}},{"start":{"line":265,"column":32},"end":{"line":265,"column":51}}],"line":265},"77":{"loc":{"start":{"line":265,"column":78},"end":{"line":265,"column":119}},"type":"binary-expr","locations":[{"start":{"line":265,"column":78},"end":{"line":265,"column":96}},{"start":{"line":265,"column":100},"end":{"line":265,"column":119}}],"line":265},"78":{"loc":{"start":{"line":269,"column":6},"end":{"line":272,"column":7}},"type":"if","locations":[{"start":{"line":269,"column":6},"end":{"line":272,"column":7}},{"start":{},"end":{}}],"line":269},"79":{"loc":{"start":{"line":269,"column":10},"end":{"line":269,"column":56}},"type":"binary-expr","locations":[{"start":{"line":269,"column":10},"end":{"line":269,"column":21}},{"start":{"line":269,"column":25},"end":{"line":269,"column":56}}],"line":269},"80":{"loc":{"start":{"line":277,"column":6},"end":{"line":279,"column":7}},"type":"if","locations":[{"start":{"line":277,"column":6},"end":{"line":279,"column":7}},{"start":{},"end":{}}],"line":277},"81":{"loc":{"start":{"line":280,"column":6},"end":{"line":280,"column":77}},"type":"if","locations":[{"start":{"line":280,"column":6},"end":{"line":280,"column":77}},{"start":{},"end":{}}],"line":280},"82":{"loc":{"start":{"line":292,"column":6},"end":{"line":292,"column":97}},"type":"if","locations":[{"start":{"line":292,"column":6},"end":{"line":292,"column":97}},{"start":{},"end":{}}],"line":292},"83":{"loc":{"start":{"line":296,"column":6},"end":{"line":298,"column":7}},"type":"if","locations":[{"start":{"line":296,"column":6},"end":{"line":298,"column":7}},{"start":{},"end":{}}],"line":296},"84":{"loc":{"start":{"line":312,"column":6},"end":{"line":312,"column":97}},"type":"if","locations":[{"start":{"line":312,"column":6},"end":{"line":312,"column":97}},{"start":{},"end":{}}],"line":312},"85":{"loc":{"start":{"line":330,"column":6},"end":{"line":330,"column":97}},"type":"if","locations":[{"start":{"line":330,"column":6},"end":{"line":330,"column":97}},{"start":{},"end":{}}],"line":330},"86":{"loc":{"start":{"line":332,"column":6},"end":{"line":334,"column":7}},"type":"if","locations":[{"start":{"line":332,"column":6},"end":{"line":334,"column":7}},{"start":{},"end":{}}],"line":332},"87":{"loc":{"start":{"line":339,"column":8},"end":{"line":339,"column":32}},"type":"binary-expr","locations":[{"start":{"line":339,"column":8},"end":{"line":339,"column":22}},{"start":{"line":339,"column":26},"end":{"line":339,"column":32}}],"line":339},"88":{"loc":{"start":{"line":340,"column":8},"end":{"line":340,"column":49}},"type":"binary-expr","locations":[{"start":{"line":340,"column":8},"end":{"line":340,"column":24}},{"start":{"line":340,"column":28},"end":{"line":340,"column":49}}],"line":340},"89":{"loc":{"start":{"line":346,"column":6},"end":{"line":348,"column":7}},"type":"if","locations":[{"start":{"line":346,"column":6},"end":{"line":348,"column":7}},{"start":{},"end":{}}],"line":346},"90":{"loc":{"start":{"line":357,"column":6},"end":{"line":357,"column":91}},"type":"if","locations":[{"start":{"line":357,"column":6},"end":{"line":357,"column":91}},{"start":{},"end":{}}],"line":357},"91":{"loc":{"start":{"line":360,"column":6},"end":{"line":362,"column":7}},"type":"if","locations":[{"start":{"line":360,"column":6},"end":{"line":362,"column":7}},{"start":{},"end":{}}],"line":360},"92":{"loc":{"start":{"line":382,"column":6},"end":{"line":382,"column":125}},"type":"if","locations":[{"start":{"line":382,"column":6},"end":{"line":382,"column":125}},{"start":{},"end":{}}],"line":382},"93":{"loc":{"start":{"line":382,"column":10},"end":{"line":382,"column":23}},"type":"binary-expr","locations":[{"start":{"line":382,"column":10},"end":{"line":382,"column":13}},{"start":{"line":382,"column":17},"end":{"line":382,"column":23}}],"line":382},"94":{"loc":{"start":{"line":386,"column":6},"end":{"line":388,"column":7}},"type":"if","locations":[{"start":{"line":386,"column":6},"end":{"line":388,"column":7}},{"start":{},"end":{}}],"line":386}},"s":{"0":0,"1":0,"2":0,"3":0,"4":0,"5":0,"6":0,"7":0,"8":0,"9":0,"10":0,"11":0,"12":0,"13":0,"14":0,"15":0,"16":0,"17":0,"18":0,"19":0,"20":0,"21":0,"22":0,"23":0,"24":0,"25":0,"26":0,"27":0,"28":0,"29":0,"30":0,"31":0,"32":0,"33":0,"34":0,"35":0,"36":0,"37":0,"38":0,"39":0,"40":0,"41":0,"42":0,"43":0,"44":0,"45":0,"46":0,"47":0,"48":0,"49":0,"50":0,"51":0,"52":0,"53":0,"54":0,"55":0,"56":0,"57":0,"58":0,"59":0,"60":0,"61":0,"62":0,"63":0,"64":0,"65":0,"66":0,"67":0,"68":0,"69":0,"70":0,"71":0,"72":0,"73":0,"74":0,"75":0,"76":0,"77":0,"78":0,"79":0,"80":0,"81":0,"82":0,"83":0,"84":0,"85":0,"86":0,"87":0,"88":0,"89":0,"90":0,"91":0,"92":0,"93":0,"94":0,"95":0,"96":0,"97":0,"98":0,"99":0,"100":0,"101":0,"102":0,"103":0,"104":0,"105":0,"106":0,"107":0,"108":0,"109":0,"110":0,"111":0,"112":0,"113":0,"114":0,"115":0,"116":0,"117":0,"118":0,"119":0,"120":0,"121":0,"122":0,"123":0,"124":0,"125":0,"126":0,"127":0,"128":0,"129":0,"130":0,"131":0,"132":0,"133":0,"134":0,"135":0,"136":0,"137":0,"138":0,"139":0,"140":0,"141":0,"142":0,"143":0,"144":0,"145":0,"146":0,"147":0,"148":0,"149":0,"150":0,"151":0,"152":0,"153":0,"154":0,"155":0,"156":0,"157":0,"158":0,"159":0,"160":0,"161":0,"162":0,"163":0,"164":0,"165":0,"166":0,"167":0,"168":0,"169":0,"170":0,"171":0,"172":0,"173":0,"174":0,"175":0,"176":0,"177":0,"178":0,"179":0,"180":0,"181":0,"182":0,"183":0,"184":0,"185":0,"186":0,"187":0,"188":0,"189":0},"f":{"0":0,"1":0,"2":0,"3":0,"4":0,"5":0,"6":0,"7":0,"8":0,"9":0,"10":0,"11":0,"12":0,"13":0},"b":{"0":[0,0],"1":[0,0],"2":[0,0],"3":[0,0],"4":[0,0],"5":[0,0],"6":[0,0],"7":[0,0],"8":[0,0],"9":[0,0],"10":[0,0],"11":[0,0],"12":[0,0],"13":[0,0],"14":[0,0,0],"15":[0,0],"16":[0,0],"17":[0,0,0],"18":[0,0],"19":[0,0],"20":[0,0],"21":[0,0],"22":[0,0],"23":[0,0],"24":[0,0],"25":[0,0],"26":[0,0],"27":[0,0],"28":[0,0],"29":[0,0],"30":[0,0],"31":[0,0],"32":[0,0],"33":[0,0],"34":[0,0],"35":[0,0],"36":[0,0],"37":[0,0],"38":[0,0,0],"39":[0,0],"40":[0,0],"41":[0,0],"42":[0,0],"43":[0,0],"44":[0,0,0],"45":[0,0],"46":[0,0],"47":[0,0],"48":[0,0],"49":[0,0],"50":[0,0],"51":[0,0],"52":[0,0],"53":[0,0],"54":[0,0,0],"55":[0,0],"56":[0,0],"57":[0,0],"58":[0,0],"59":[0,0],"60":[0,0],"61":[0,0],"62":[0,0],"63":[0,0],"64":[0,0],"65":[0,0],"66":[0,0],"67":[0,0],"68":[0,0],"69":[0,0],"70":[0,0],"71":[0,0],"72":[0,0],"73":[0,0],"74":[0,0],"75":[0,0],"76":[0,0],"77":[0,0],"78":[0,0],"79":[0,0],"80":[0,0],"81":[0,0],"82":[0,0],"83":[0,0],"84":[0,0],"85":[0,0],"86":[0,0],"87":[0,0],"88":[0,0],"89":[0,0],"90":[0,0],"91":[0,0],"92":[0,0],"93":[0,0],"94":[0,0]}}
,"C:\\Users\\Pcfwd\\OneDrive\\Escritorio\\BACKEND\\proyectos\\olimpiadas_especiales\\OlimpiadasEspeciales_CostaRica\\Backend\\controllers\\authController.js": {"path":"C:\\Users\\Pcfwd\\OneDrive\\Escritorio\\BACKEND\\proyectos\\olimpiadas_especiales\\OlimpiadasEspeciales_CostaRica\\Backend\\controllers\\authController.js","statementMap":{"0":{"start":{"line":1,"column":15},"end":{"line":1,"column":34}},"1":{"start":{"line":2,"column":12},"end":{"line":2,"column":35}},"2":{"start":{"line":3,"column":15},"end":{"line":3,"column":32}},"3":{"start":{"line":4,"column":19},"end":{"line":4,"column":48}},"4":{"start":{"line":5,"column":44},"end":{"line":5,"column":50}},"5":{"start":{"line":6,"column":43},"end":{"line":6,"column":74}},"6":{"start":{"line":7,"column":26},"end":{"line":7,"column":54}},"7":{"start":{"line":8,"column":35},"end":{"line":8,"column":68}},"8":{"start":{"line":13,"column":0},"end":{"line":18,"column":1}},"9":{"start":{"line":14,"column":2},"end":{"line":17,"column":4}},"10":{"start":{"line":19,"column":19},"end":{"line":19,"column":41}},"11":{"start":{"line":31,"column":25},"end":{"line":105,"column":1}},"12":{"start":{"line":32,"column":2},"end":{"line":104,"column":3}},"13":{"start":{"line":33,"column":144},"end":{"line":33,"column":152}},"14":{"start":{"line":36,"column":4},"end":{"line":38,"column":5}},"15":{"start":{"line":37,"column":6},"end":{"line":37,"column":131}},"16":{"start":{"line":41,"column":28},"end":{"line":41,"column":84}},"17":{"start":{"line":42,"column":4},"end":{"line":44,"column":5}},"18":{"start":{"line":43,"column":6},"end":{"line":43,"column":95}},"19":{"start":{"line":47,"column":4},"end":{"line":52,"column":5}},"20":{"start":{"line":48,"column":30},"end":{"line":48,"column":74}},"21":{"start":{"line":49,"column":6},"end":{"line":51,"column":7}},"22":{"start":{"line":50,"column":8},"end":{"line":50,"column":106}},"23":{"start":{"line":55,"column":17},"end":{"line":55,"column":41}},"24":{"start":{"line":56,"column":26},"end":{"line":56,"column":59}},"25":{"start":{"line":59,"column":25},"end":{"line":72,"column":6}},"26":{"start":{"line":74,"column":27},"end":{"line":87,"column":5}},"27":{"start":{"line":89,"column":4},"end":{"line":89,"column":100}},"28":{"start":{"line":92,"column":4},"end":{"line":92,"column":56}},"29":{"start":{"line":94,"column":4},"end":{"line":96,"column":5}},"30":{"start":{"line":95,"column":6},"end":{"line":95,"column":109}},"31":{"start":{"line":98,"column":4},"end":{"line":100,"column":5}},"32":{"start":{"line":99,"column":6},"end":{"line":99,"column":79}},"33":{"start":{"line":102,"column":4},"end":{"line":102,"column":87}},"34":{"start":{"line":102,"column":80},"end":{"line":102,"column":87}},"35":{"start":{"line":103,"column":4},"end":{"line":103,"column":112}},"36":{"start":{"line":111,"column":22},"end":{"line":191,"column":1}},"37":{"start":{"line":112,"column":2},"end":{"line":190,"column":3}},"38":{"start":{"line":113,"column":45},"end":{"line":113,"column":53}},"39":{"start":{"line":115,"column":4},"end":{"line":117,"column":5}},"40":{"start":{"line":116,"column":6},"end":{"line":116,"column":105}},"41":{"start":{"line":119,"column":20},"end":{"line":119,"column":76}},"42":{"start":{"line":120,"column":4},"end":{"line":122,"column":5}},"43":{"start":{"line":121,"column":6},"end":{"line":121,"column":90}},"44":{"start":{"line":124,"column":4},"end":{"line":126,"column":5}},"45":{"start":{"line":125,"column":6},"end":{"line":125,"column":83}},"46":{"start":{"line":128,"column":27},"end":{"line":128,"column":80}},"47":{"start":{"line":129,"column":4},"end":{"line":131,"column":5}},"48":{"start":{"line":130,"column":6},"end":{"line":130,"column":80}},"49":{"start":{"line":134,"column":18},"end":{"line":143,"column":5}},"50":{"start":{"line":145,"column":27},"end":{"line":145,"column":81}},"51":{"start":{"line":148,"column":4},"end":{"line":153,"column":7}},"52":{"start":{"line":155,"column":22},"end":{"line":155,"column":32}},"53":{"start":{"line":156,"column":4},"end":{"line":156,"column":62}},"54":{"start":{"line":158,"column":4},"end":{"line":165,"column":7}},"55":{"start":{"line":167,"column":29},"end":{"line":183,"column":5}},"56":{"start":{"line":185,"column":4},"end":{"line":185,"column":95}},"57":{"start":{"line":188,"column":4},"end":{"line":188,"column":53}},"58":{"start":{"line":189,"column":4},"end":{"line":189,"column":110}},"59":{"start":{"line":197,"column":21},"end":{"line":225,"column":1}},"60":{"start":{"line":198,"column":2},"end":{"line":224,"column":3}},"61":{"start":{"line":199,"column":18},"end":{"line":199,"column":109}},"62":{"start":{"line":201,"column":4},"end":{"line":203,"column":5}},"63":{"start":{"line":202,"column":6},"end":{"line":202,"column":81}},"64":{"start":{"line":205,"column":19},"end":{"line":205,"column":75}},"65":{"start":{"line":207,"column":4},"end":{"line":214,"column":5}},"66":{"start":{"line":208,"column":6},"end":{"line":208,"column":45}},"67":{"start":{"line":209,"column":6},"end":{"line":213,"column":9}},"68":{"start":{"line":217,"column":4},"end":{"line":217,"column":29}},"69":{"start":{"line":219,"column":4},"end":{"line":219,"column":87}},"70":{"start":{"line":222,"column":4},"end":{"line":222,"column":52}},"71":{"start":{"line":223,"column":4},"end":{"line":223,"column":108}},"72":{"start":{"line":231,"column":19},"end":{"line":253,"column":1}},"73":{"start":{"line":232,"column":2},"end":{"line":252,"column":3}},"74":{"start":{"line":233,"column":20},"end":{"line":235,"column":6}},"75":{"start":{"line":236,"column":4},"end":{"line":236,"column":92}},"76":{"start":{"line":236,"column":18},"end":{"line":236,"column":92}},"77":{"start":{"line":238,"column":20},"end":{"line":246,"column":5}},"78":{"start":{"line":248,"column":4},"end":{"line":248,"column":64}},"79":{"start":{"line":250,"column":4},"end":{"line":250,"column":53}},"80":{"start":{"line":251,"column":4},"end":{"line":251,"column":98}},"81":{"start":{"line":259,"column":22},"end":{"line":298,"column":1}},"82":{"start":{"line":260,"column":2},"end":{"line":297,"column":3}},"83":{"start":{"line":261,"column":73},"end":{"line":261,"column":81}},"84":{"start":{"line":263,"column":20},"end":{"line":263,"column":55}},"85":{"start":{"line":264,"column":4},"end":{"line":264,"column":92}},"86":{"start":{"line":264,"column":18},"end":{"line":264,"column":92}},"87":{"start":{"line":266,"column":20},"end":{"line":266,"column":22}},"88":{"start":{"line":267,"column":4},"end":{"line":267,"column":52}},"89":{"start":{"line":267,"column":28},"end":{"line":267,"column":52}},"90":{"start":{"line":268,"column":4},"end":{"line":268,"column":75}},"91":{"start":{"line":268,"column":28},"end":{"line":268,"column":75}},"92":{"start":{"line":271,"column":4},"end":{"line":281,"column":5}},"93":{"start":{"line":272,"column":6},"end":{"line":274,"column":7}},"94":{"start":{"line":273,"column":8},"end":{"line":273,"column":115}},"95":{"start":{"line":275,"column":29},"end":{"line":275,"column":88}},"96":{"start":{"line":276,"column":6},"end":{"line":278,"column":7}},"97":{"start":{"line":277,"column":8},"end":{"line":277,"column":95}},"98":{"start":{"line":279,"column":19},"end":{"line":279,"column":43}},"99":{"start":{"line":280,"column":6},"end":{"line":280,"column":69}},"100":{"start":{"line":283,"column":4},"end":{"line":283,"column":34}},"101":{"start":{"line":285,"column":20},"end":{"line":290,"column":5}},"102":{"start":{"line":292,"column":4},"end":{"line":292,"column":94}},"103":{"start":{"line":294,"column":4},"end":{"line":294,"column":56}},"104":{"start":{"line":295,"column":4},"end":{"line":295,"column":76}},"105":{"start":{"line":295,"column":69},"end":{"line":295,"column":76}},"106":{"start":{"line":296,"column":4},"end":{"line":296,"column":101}},"107":{"start":{"line":304,"column":30},"end":{"line":341,"column":1}},"108":{"start":{"line":305,"column":2},"end":{"line":340,"column":3}},"109":{"start":{"line":306,"column":35},"end":{"line":306,"column":43}},"110":{"start":{"line":308,"column":20},"end":{"line":308,"column":76}},"111":{"start":{"line":310,"column":4},"end":{"line":333,"column":5}},"112":{"start":{"line":312,"column":20},"end":{"line":312,"column":58}},"113":{"start":{"line":314,"column":26},"end":{"line":314,"column":81}},"114":{"start":{"line":316,"column":27},"end":{"line":316,"column":64}},"115":{"start":{"line":319,"column":6},"end":{"line":322,"column":9}},"116":{"start":{"line":325,"column":6},"end":{"line":325,"column":86}},"117":{"start":{"line":328,"column":6},"end":{"line":332,"column":7}},"118":{"start":{"line":329,"column":19},"end":{"line":329,"column":32}},"119":{"start":{"line":330,"column":21},"end":{"line":330,"column":36}},"120":{"start":{"line":331,"column":8},"end":{"line":331,"column":81}},"121":{"start":{"line":336,"column":4},"end":{"line":336,"column":161}},"122":{"start":{"line":338,"column":4},"end":{"line":338,"column":75}},"123":{"start":{"line":339,"column":4},"end":{"line":339,"column":132}},"124":{"start":{"line":347,"column":30},"end":{"line":391,"column":1}},"125":{"start":{"line":348,"column":2},"end":{"line":390,"column":3}},"126":{"start":{"line":349,"column":32},"end":{"line":349,"column":40}},"127":{"start":{"line":352,"column":24},"end":{"line":352,"column":79}},"128":{"start":{"line":355,"column":19},"end":{"line":355,"column":39}},"129":{"start":{"line":356,"column":20},"end":{"line":363,"column":6}},"130":{"start":{"line":365,"column":4},"end":{"line":367,"column":5}},"131":{"start":{"line":366,"column":6},"end":{"line":366,"column":110}},"132":{"start":{"line":370,"column":17},"end":{"line":370,"column":41}},"133":{"start":{"line":371,"column":26},"end":{"line":371,"column":59}},"134":{"start":{"line":374,"column":4},"end":{"line":378,"column":7}},"135":{"start":{"line":381,"column":4},"end":{"line":384,"column":6}},"136":{"start":{"line":386,"column":4},"end":{"line":386,"column":160}},"137":{"start":{"line":388,"column":4},"end":{"line":388,"column":61}},"138":{"start":{"line":389,"column":4},"end":{"line":389,"column":106}},"139":{"start":{"line":393,"column":0},"end":{"line":401,"column":2}}},"fnMap":{"0":{"name":"(anonymous_0)","decl":{"start":{"line":31,"column":25},"end":{"line":31,"column":26}},"loc":{"start":{"line":31,"column":45},"end":{"line":105,"column":1}},"line":31},"1":{"name":"(anonymous_1)","decl":{"start":{"line":111,"column":22},"end":{"line":111,"column":23}},"loc":{"start":{"line":111,"column":42},"end":{"line":191,"column":1}},"line":111},"2":{"name":"(anonymous_2)","decl":{"start":{"line":197,"column":21},"end":{"line":197,"column":22}},"loc":{"start":{"line":197,"column":41},"end":{"line":225,"column":1}},"line":197},"3":{"name":"(anonymous_3)","decl":{"start":{"line":231,"column":19},"end":{"line":231,"column":20}},"loc":{"start":{"line":231,"column":39},"end":{"line":253,"column":1}},"line":231},"4":{"name":"(anonymous_4)","decl":{"start":{"line":259,"column":22},"end":{"line":259,"column":23}},"loc":{"start":{"line":259,"column":42},"end":{"line":298,"column":1}},"line":259},"5":{"name":"(anonymous_5)","decl":{"start":{"line":304,"column":30},"end":{"line":304,"column":31}},"loc":{"start":{"line":304,"column":50},"end":{"line":341,"column":1}},"line":304},"6":{"name":"(anonymous_6)","decl":{"start":{"line":347,"column":30},"end":{"line":347,"column":31}},"loc":{"start":{"line":347,"column":50},"end":{"line":391,"column":1}},"line":347}},"branchMap":{"0":{"loc":{"start":{"line":13,"column":0},"end":{"line":18,"column":1}},"type":"if","locations":[{"start":{"line":13,"column":0},"end":{"line":18,"column":1}},{"start":{},"end":{}}],"line":13},"1":{"loc":{"start":{"line":36,"column":4},"end":{"line":38,"column":5}},"type":"if","locations":[{"start":{"line":36,"column":4},"end":{"line":38,"column":5}},{"start":{},"end":{}}],"line":36},"2":{"loc":{"start":{"line":36,"column":8},"end":{"line":36,"column":62}},"type":"binary-expr","locations":[{"start":{"line":36,"column":8},"end":{"line":36,"column":15}},{"start":{"line":36,"column":19},"end":{"line":36,"column":26}},{"start":{"line":36,"column":30},"end":{"line":36,"column":49}},{"start":{"line":36,"column":53},"end":{"line":36,"column":62}}],"line":36},"3":{"loc":{"start":{"line":42,"column":4},"end":{"line":44,"column":5}},"type":"if","locations":[{"start":{"line":42,"column":4},"end":{"line":44,"column":5}},{"start":{},"end":{}}],"line":42},"4":{"loc":{"start":{"line":47,"column":4},"end":{"line":52,"column":5}},"type":"if","locations":[{"start":{"line":47,"column":4},"end":{"line":52,"column":5}},{"start":{},"end":{}}],"line":47},"5":{"loc":{"start":{"line":49,"column":6},"end":{"line":51,"column":7}},"type":"if","locations":[{"start":{"line":49,"column":6},"end":{"line":51,"column":7}},{"start":{},"end":{}}],"line":49},"6":{"loc":{"start":{"line":94,"column":4},"end":{"line":96,"column":5}},"type":"if","locations":[{"start":{"line":94,"column":4},"end":{"line":96,"column":5}},{"start":{},"end":{}}],"line":94},"7":{"loc":{"start":{"line":98,"column":4},"end":{"line":100,"column":5}},"type":"if","locations":[{"start":{"line":98,"column":4},"end":{"line":100,"column":5}},{"start":{},"end":{}}],"line":98},"8":{"loc":{"start":{"line":102,"column":4},"end":{"line":102,"column":87}},"type":"if","locations":[{"start":{"line":102,"column":4},"end":{"line":102,"column":87}},{"start":{},"end":{}}],"line":102},"9":{"loc":{"start":{"line":115,"column":4},"end":{"line":117,"column":5}},"type":"if","locations":[{"start":{"line":115,"column":4},"end":{"line":117,"column":5}},{"start":{},"end":{}}],"line":115},"10":{"loc":{"start":{"line":115,"column":8},"end":{"line":115,"column":40}},"type":"binary-expr","locations":[{"start":{"line":115,"column":8},"end":{"line":115,"column":27}},{"start":{"line":115,"column":31},"end":{"line":115,"column":40}}],"line":115},"11":{"loc":{"start":{"line":120,"column":4},"end":{"line":122,"column":5}},"type":"if","locations":[{"start":{"line":120,"column":4},"end":{"line":122,"column":5}},{"start":{},"end":{}}],"line":120},"12":{"loc":{"start":{"line":124,"column":4},"end":{"line":126,"column":5}},"type":"if","locations":[{"start":{"line":124,"column":4},"end":{"line":126,"column":5}},{"start":{},"end":{}}],"line":124},"13":{"loc":{"start":{"line":129,"column":4},"end":{"line":131,"column":5}},"type":"if","locations":[{"start":{"line":129,"column":4},"end":{"line":131,"column":5}},{"start":{},"end":{}}],"line":129},"14":{"loc":{"start":{"line":142,"column":19},"end":{"line":142,"column":53}},"type":"binary-expr","locations":[{"start":{"line":142,"column":19},"end":{"line":142,"column":45}},{"start":{"line":142,"column":49},"end":{"line":142,"column":53}}],"line":142},"15":{"loc":{"start":{"line":145,"column":36},"end":{"line":145,"column":76}},"type":"binary-expr","locations":[{"start":{"line":145,"column":36},"end":{"line":145,"column":69}},{"start":{"line":145,"column":73},"end":{"line":145,"column":76}}],"line":145},"16":{"loc":{"start":{"line":199,"column":18},"end":{"line":199,"column":109}},"type":"binary-expr","locations":[{"start":{"line":199,"column":18},"end":{"line":199,"column":35}},{"start":{"line":199,"column":40},"end":{"line":199,"column":65}},{"start":{"line":199,"column":69},"end":{"line":199,"column":108}}],"line":199},"17":{"loc":{"start":{"line":201,"column":4},"end":{"line":203,"column":5}},"type":"if","locations":[{"start":{"line":201,"column":4},"end":{"line":203,"column":5}},{"start":{},"end":{}}],"line":201},"18":{"loc":{"start":{"line":207,"column":4},"end":{"line":214,"column":5}},"type":"if","locations":[{"start":{"line":207,"column":4},"end":{"line":214,"column":5}},{"start":{},"end":{}}],"line":207},"19":{"loc":{"start":{"line":236,"column":4},"end":{"line":236,"column":92}},"type":"if","locations":[{"start":{"line":236,"column":4},"end":{"line":236,"column":92}},{"start":{},"end":{}}],"line":236},"20":{"loc":{"start":{"line":244,"column":18},"end":{"line":244,"column":44}},"type":"binary-expr","locations":[{"start":{"line":244,"column":18},"end":{"line":244,"column":36}},{"start":{"line":244,"column":40},"end":{"line":244,"column":44}}],"line":244},"21":{"loc":{"start":{"line":245,"column":16},"end":{"line":245,"column":40}},"type":"binary-expr","locations":[{"start":{"line":245,"column":16},"end":{"line":245,"column":32}},{"start":{"line":245,"column":36},"end":{"line":245,"column":40}}],"line":245},"22":{"loc":{"start":{"line":264,"column":4},"end":{"line":264,"column":92}},"type":"if","locations":[{"start":{"line":264,"column":4},"end":{"line":264,"column":92}},{"start":{},"end":{}}],"line":264},"23":{"loc":{"start":{"line":267,"column":4},"end":{"line":267,"column":52}},"type":"if","locations":[{"start":{"line":267,"column":4},"end":{"line":267,"column":52}},{"start":{},"end":{}}],"line":267},"24":{"loc":{"start":{"line":268,"column":4},"end":{"line":268,"column":75}},"type":"if","locations":[{"start":{"line":268,"column":4},"end":{"line":268,"column":75}},{"start":{},"end":{}}],"line":268},"25":{"loc":{"start":{"line":271,"column":4},"end":{"line":281,"column":5}},"type":"if","locations":[{"start":{"line":271,"column":4},"end":{"line":281,"column":5}},{"start":{},"end":{}}],"line":271},"26":{"loc":{"start":{"line":272,"column":6},"end":{"line":274,"column":7}},"type":"if","locations":[{"start":{"line":272,"column":6},"end":{"line":274,"column":7}},{"start":{},"end":{}}],"line":272},"27":{"loc":{"start":{"line":276,"column":6},"end":{"line":278,"column":7}},"type":"if","locations":[{"start":{"line":276,"column":6},"end":{"line":278,"column":7}},{"start":{},"end":{}}],"line":276},"28":{"loc":{"start":{"line":295,"column":4},"end":{"line":295,"column":76}},"type":"if","locations":[{"start":{"line":295,"column":4},"end":{"line":295,"column":76}},{"start":{},"end":{}}],"line":295},"29":{"loc":{"start":{"line":310,"column":4},"end":{"line":333,"column":5}},"type":"if","locations":[{"start":{"line":310,"column":4},"end":{"line":333,"column":5}},{"start":{},"end":{}}],"line":310},"30":{"loc":{"start":{"line":328,"column":6},"end":{"line":332,"column":7}},"type":"if","locations":[{"start":{"line":328,"column":6},"end":{"line":332,"column":7}},{"start":{},"end":{}}],"line":328},"31":{"loc":{"start":{"line":365,"column":4},"end":{"line":367,"column":5}},"type":"if","locations":[{"start":{"line":365,"column":4},"end":{"line":367,"column":5}},{"start":{},"end":{}}],"line":365}},"s":{"0":1,"1":1,"2":1,"3":1,"4":1,"5":1,"6":1,"7":1,"8":1,"9":0,"10":1,"11":1,"12":2,"13":2,"14":2,"15":0,"16":2,"17":2,"18":1,"19":1,"20":1,"21":1,"22":0,"23":1,"24":1,"25":1,"26":1,"27":1,"28":0,"29":0,"30":0,"31":0,"32":0,"33":0,"34":0,"35":0,"36":1,"37":4,"38":4,"39":4,"40":0,"41":4,"42":4,"43":1,"44":3,"45":1,"46":2,"47":2,"48":1,"49":1,"50":1,"51":1,"52":1,"53":1,"54":1,"55":1,"56":1,"57":0,"58":0,"59":1,"60":2,"61":2,"62":2,"63":1,"64":1,"65":1,"66":1,"67":1,"68":1,"69":1,"70":0,"71":0,"72":1,"73":1,"74":1,"75":1,"76":0,"77":1,"78":1,"79":0,"80":0,"81":1,"82":0,"83":0,"84":0,"85":0,"86":0,"87":0,"88":0,"89":0,"90":0,"91":0,"92":0,"93":0,"94":0,"95":0,"96":0,"97":0,"98":0,"99":0,"100":0,"101":0,"102":0,"103":0,"104":0,"105":0,"106":0,"107":1,"108":1,"109":1,"110":1,"111":1,"112":1,"113":1,"114":1,"115":1,"116":1,"117":1,"118":0,"119":0,"120":0,"121":1,"122":0,"123":0,"124":1,"125":0,"126":0,"127":0,"128":0,"129":0,"130":0,"131":0,"132":0,"133":0,"134":0,"135":0,"136":0,"137":0,"138":0,"139":1},"f":{"0":2,"1":4,"2":2,"3":1,"4":0,"5":1,"6":0},"b":{"0":[0,1],"1":[0,2],"2":[2,2,2,2],"3":[1,1],"4":[1,0],"5":[0,1],"6":[0,0],"7":[0,0],"8":[0,0],"9":[0,4],"10":[4,4],"11":[1,3],"12":[1,2],"13":[1,1],"14":[1,1],"15":[1,1],"16":[2,1,0],"17":[1,1],"18":[1,0],"19":[0,1],"20":[1,0],"21":[1,0],"22":[0,0],"23":[0,0],"24":[0,0],"25":[0,0],"26":[0,0],"27":[0,0],"28":[0,0],"29":[1,0],"30":[0,1],"31":[0,0]},"_coverageSchema":"1a1c01bbd47fc00a2c39e90264f33305004495a9","hash":"c4bc57e734f588e19f1d05499e280662c04d3238"}
,"C:\\Users\\Pcfwd\\OneDrive\\Escritorio\\BACKEND\\proyectos\\olimpiadas_especiales\\OlimpiadasEspeciales_CostaRica\\Backend\\controllers\\certificadoController.js": {"path":"C:\\Users\\Pcfwd\\OneDrive\\Escritorio\\BACKEND\\proyectos\\olimpiadas_especiales\\OlimpiadasEspeciales_CostaRica\\Backend\\controllers\\certificadoController.js","statementMap":{"0":{"start":{"line":7,"column":35},"end":{"line":7,"column":69}},"1":{"start":{"line":15,"column":28},"end":{"line":57,"column":1}},"2":{"start":{"line":16,"column":2},"end":{"line":56,"column":3}},"3":{"start":{"line":17,"column":31},"end":{"line":17,"column":44}},"4":{"start":{"line":20,"column":4},"end":{"line":25,"column":5}},"5":{"start":{"line":21,"column":6},"end":{"line":24,"column":9}},"6":{"start":{"line":28,"column":4},"end":{"line":28,"column":141}},"7":{"start":{"line":31,"column":27},"end":{"line":31,"column":75}},"8":{"start":{"line":34,"column":4},"end":{"line":41,"column":7}},"9":{"start":{"line":45,"column":4},"end":{"line":45,"column":74}},"10":{"start":{"line":48,"column":25},"end":{"line":48,"column":108}},"11":{"start":{"line":49,"column":25},"end":{"line":49,"column":79}},"12":{"start":{"line":51,"column":4},"end":{"line":55,"column":7}},"13":{"start":{"line":59,"column":0},"end":{"line":61,"column":2}}},"fnMap":{"0":{"name":"(anonymous_0)","decl":{"start":{"line":15,"column":28},"end":{"line":15,"column":29}},"loc":{"start":{"line":15,"column":59},"end":{"line":57,"column":1}},"line":15}},"branchMap":{"0":{"loc":{"start":{"line":20,"column":4},"end":{"line":25,"column":5}},"type":"if","locations":[{"start":{"line":20,"column":4},"end":{"line":25,"column":5}},{"start":{},"end":{}}],"line":20},"1":{"loc":{"start":{"line":38,"column":23},"end":{"line":38,"column":69}},"type":"binary-expr","locations":[{"start":{"line":38,"column":23},"end":{"line":38,"column":51}},{"start":{"line":38,"column":55},"end":{"line":38,"column":69}}],"line":38},"2":{"loc":{"start":{"line":39,"column":27},"end":{"line":39,"column":67}},"type":"binary-expr","locations":[{"start":{"line":39,"column":27},"end":{"line":39,"column":59}},{"start":{"line":39,"column":63},"end":{"line":39,"column":67}}],"line":39},"3":{"loc":{"start":{"line":48,"column":25},"end":{"line":48,"column":108}},"type":"binary-expr","locations":[{"start":{"line":48,"column":25},"end":{"line":48,"column":51}},{"start":{"line":48,"column":55},"end":{"line":48,"column":108}}],"line":48},"4":{"loc":{"start":{"line":49,"column":25},"end":{"line":49,"column":79}},"type":"cond-expr","locations":[{"start":{"line":49,"column":70},"end":{"line":49,"column":73}},{"start":{"line":49,"column":76},"end":{"line":49,"column":79}}],"line":49}},"s":{"0":0,"1":0,"2":0,"3":0,"4":0,"5":0,"6":0,"7":0,"8":0,"9":0,"10":0,"11":0,"12":0,"13":0},"f":{"0":0},"b":{"0":[0,0],"1":[0,0],"2":[0,0],"3":[0,0],"4":[0,0]}}
,"C:\\Users\\Pcfwd\\OneDrive\\Escritorio\\BACKEND\\proyectos\\olimpiadas_especiales\\OlimpiadasEspeciales_CostaRica\\Backend\\controllers\\chatController.js": {"path":"C:\\Users\\Pcfwd\\OneDrive\\Escritorio\\BACKEND\\proyectos\\olimpiadas_especiales\\OlimpiadasEspeciales_CostaRica\\Backend\\controllers\\chatController.js","statementMap":{"0":{"start":{"line":1,"column":19},"end":{"line":1,"column":36}},"1":{"start":{"line":3,"column":13},"end":{"line":3,"column":17}},"2":{"start":{"line":4,"column":0},"end":{"line":14,"column":1}},"3":{"start":{"line":5,"column":2},"end":{"line":11,"column":3}},"4":{"start":{"line":6,"column":4},"end":{"line":8,"column":7}},"5":{"start":{"line":10,"column":4},"end":{"line":10,"column":101}},"6":{"start":{"line":13,"column":2},"end":{"line":13,"column":80}},"7":{"start":{"line":16,"column":21},"end":{"line":34,"column":1}},"8":{"start":{"line":45,"column":20},"end":{"line":72,"column":1}},"9":{"start":{"line":46,"column":23},"end":{"line":46,"column":31}},"10":{"start":{"line":48,"column":2},"end":{"line":50,"column":3}},"11":{"start":{"line":49,"column":4},"end":{"line":49,"column":97}},"12":{"start":{"line":52,"column":2},"end":{"line":71,"column":3}},"13":{"start":{"line":53,"column":4},"end":{"line":55,"column":5}},"14":{"start":{"line":54,"column":6},"end":{"line":54,"column":99}},"15":{"start":{"line":56,"column":21},"end":{"line":64,"column":6}},"16":{"start":{"line":66,"column":29},"end":{"line":66,"column":64}},"17":{"start":{"line":67,"column":4},"end":{"line":67,"column":44}},"18":{"start":{"line":69,"column":4},"end":{"line":69,"column":45}},"19":{"start":{"line":70,"column":4},"end":{"line":70,"column":92}},"20":{"start":{"line":74,"column":0},"end":{"line":76,"column":2}}},"fnMap":{"0":{"name":"(anonymous_0)","decl":{"start":{"line":45,"column":20},"end":{"line":45,"column":21}},"loc":{"start":{"line":45,"column":40},"end":{"line":72,"column":1}},"line":45}},"branchMap":{"0":{"loc":{"start":{"line":5,"column":2},"end":{"line":11,"column":3}},"type":"if","locations":[{"start":{"line":5,"column":2},"end":{"line":11,"column":3}},{"start":{"line":9,"column":9},"end":{"line":11,"column":3}}],"line":5},"1":{"loc":{"start":{"line":48,"column":2},"end":{"line":50,"column":3}},"type":"if","locations":[{"start":{"line":48,"column":2},"end":{"line":50,"column":3}},{"start":{},"end":{}}],"line":48},"2":{"loc":{"start":{"line":48,"column":6},"end":{"line":48,"column":43}},"type":"binary-expr","locations":[{"start":{"line":48,"column":6},"end":{"line":48,"column":15}},{"start":{"line":48,"column":19},"end":{"line":48,"column":43}}],"line":48},"3":{"loc":{"start":{"line":53,"column":4},"end":{"line":55,"column":5}},"type":"if","locations":[{"start":{"line":53,"column":4},"end":{"line":55,"column":5}},{"start":{},"end":{}}],"line":53}},"s":{"0":0,"1":0,"2":0,"3":0,"4":0,"5":0,"6":0,"7":0,"8":0,"9":0,"10":0,"11":0,"12":0,"13":0,"14":0,"15":0,"16":0,"17":0,"18":0,"19":0,"20":0},"f":{"0":0},"b":{"0":[0,0],"1":[0,0],"2":[0,0],"3":[0,0]}}
[...]
"loc":{"start":{"line":34,"column":17},"end":{"line":34,"column":47}},"type":"binary-expr","locations":[{"start":{"line":34,"column":17},"end":{"line":34,"column":29}},{"start":{"line":34,"column":33},"end":{"line":34,"column":47}}],"line":34},"2":{"loc":{"start":{"line":35,"column":22},"end":{"line":35,"column":54}},"type":"binary-expr","locations":[{"start":{"line":35,"column":22},"end":{"line":35,"column":34}},{"start":{"line":35,"column":38},"end":{"line":35,"column":48}},{"start":{"line":35,"column":52},"end":{"line":35,"column":54}}],"line":35},"3":{"loc":{"start":{"line":36,"column":16},"end":{"line":36,"column":44}},"type":"binary-expr","locations":[{"start":{"line":36,"column":16},"end":{"line":36,"column":29}},{"start":{"line":36,"column":33},"end":{"line":36,"column":44}}],"line":36},"4":{"loc":{"start":{"line":37,"column":9},"end":{"line":37,"column":75}},"type":"binary-expr","locations":[{"start":{"line":37,"column":9},"end":{"line":37,"column":39}},{"start":{"line":37,"column":43},"end":{"line":37,"column":75}}],"line":37},"5":{"loc":{"start":{"line":41,"column":17},"end":{"line":41,"column":47}},"type":"binary-expr","locations":[{"start":{"line":41,"column":17},"end":{"line":41,"column":29}},{"start":{"line":41,"column":33},"end":{"line":41,"column":47}}],"line":41},"6":{"loc":{"start":{"line":42,"column":21},"end":{"line":42,"column":62}},"type":"binary-expr","locations":[{"start":{"line":42,"column":21},"end":{"line":42,"column":39}},{"start":{"line":42,"column":43},"end":{"line":42,"column":56}},{"start":{"line":42,"column":60},"end":{"line":42,"column":62}}],"line":42},"7":{"loc":{"start":{"line":43,"column":16},"end":{"line":44,"column":48}},"type":"binary-expr","locations":[{"start":{"line":43,"column":16},"end":{"line":43,"column":57}},{"start":{"line":44,"column":7},"end":{"line":44,"column":48}}],"line":43},"8":{"loc":{"start":{"line":45,"column":9},"end":{"line":45,"column":32}},"type":"cond-expr","locations":[{"start":{"line":45,"column":17},"end":{"line":45,"column":25}},{"start":{"line":45,"column":28},"end":{"line":45,"column":32}}],"line":45},"9":{"loc":{"start":{"line":48,"column":37},"end":{"line":48,"column":72}},"type":"default-arg","locations":[{"start":{"line":48,"column":54},"end":{"line":48,"column":72}}],"line":48},"10":{"loc":{"start":{"line":49,"column":2},"end":{"line":54,"column":3}},"type":"if","locations":[{"start":{"line":49,"column":2},"end":{"line":54,"column":3}},{"start":{},"end":{}}],"line":49},"11":{"loc":{"start":{"line":51,"column":20},"end":{"line":52,"column":86}},"type":"binary-expr","locations":[{"start":{"line":51,"column":21},"end":{"line":51,"column":25}},{"start":{"line":51,"column":29},"end":{"line":51,"column":54}},{"start":{"line":52,"column":9},"end":{"line":52,"column":86}}],"line":51},"12":{"loc":{"start":{"line":53,"column":39},"end":{"line":53,"column":56}},"type":"binary-expr","locations":[{"start":{"line":53,"column":39},"end":{"line":53,"column":43}},{"start":{"line":53,"column":47},"end":{"line":53,"column":56}}],"line":53},"13":{"loc":{"start":{"line":58,"column":35},"end":{"line":58,"column":76}},"type":"default-arg","locations":[{"start":{"line":58,"column":52},"end":{"line":58,"column":76}}],"line":58},"14":{"loc":{"start":{"line":60,"column":2},"end":{"line":62,"column":3}},"type":"if","locations":[{"start":{"line":60,"column":2},"end":{"line":62,"column":3}},{"start":{},"end":{}}],"line":60}},"s":{"0":2,"1":2,"2":2,"3":2,"4":13,"5":2,"6":11,"7":11,"8":11,"9":11,"10":4,"11":4,"12":4,"13":4,"14":6,"15":4,"16":4,"17":4,"18":2,"19":2,"20":2,"21":1,"22":1,"23":2},"f":{"0":13,"1":4,"2":6,"3":2},"b":{"0":[2,11],"1":[11,9],"2":[11,10,2],"3":[11,10],"4":[11,5],"5":[4,3],"6":[4,3,0],"7":[4,3],"8":[4,0],"9":[4],"10":[4,2],"11":[4,4,1],"12":[4,0],"13":[1],"14":[1,1]},"_coverageSchema":"1a1c01bbd47fc00a2c39e90264f33305004495a9","hash":"7609684bd38866ed757fa2ee6552dc6002b23b30"}
,"C:\\Users\\Pcfwd\\OneDrive\\Escritorio\\BACKEND\\proyectos\\olimpiadas_especiales\\OlimpiadasEspeciales_CostaRica\\Backend\\utils\\fileEncryption.js": {"path":"C:\\Users\\Pcfwd\\OneDrive\\Escritorio\\BACKEND\\proyectos\\olimpiadas_especiales\\OlimpiadasEspeciales_CostaRica\\Backend\\utils\\fileEncryption.js","statementMap":{"0":{"start":{"line":1,"column":15},"end":{"line":1,"column":32}},"1":{"start":{"line":2,"column":11},"end":{"line":2,"column":24}},"2":{"start":{"line":3,"column":13},"end":{"line":3,"column":28}},"3":{"start":{"line":5,"column":18},"end":{"line":5,"column":31}},"4":{"start":{"line":6,"column":18},"end":{"line":6,"column":20}},"5":{"start":{"line":9,"column":14},"end":{"line":9,"column":49}},"6":{"start":{"line":10,"column":2},"end":{"line":14,"column":3}},"7":{"start":{"line":11,"column":4},"end":{"line":13,"column":6}},"8":{"start":{"line":15,"column":2},"end":{"line":15,"column":33}},"9":{"start":{"line":23,"column":14},"end":{"line":23,"column":32}},"10":{"start":{"line":24,"column":13},"end":{"line":24,"column":42}},"11":{"start":{"line":25,"column":17},"end":{"line":25,"column":58}},"12":{"start":{"line":26,"column":20},"end":{"line":26,"column":74}},"13":{"start":{"line":27,"column":18},"end":{"line":27,"column":37}},"14":{"start":{"line":28,"column":2},"end":{"line":32,"column":4}},"15":{"start":{"line":39,"column":14},"end":{"line":39,"column":32}},"16":{"start":{"line":40,"column":23},"end":{"line":40,"column":62}},"17":{"start":{"line":41,"column":2},"end":{"line":43,"column":3}},"18":{"start":{"line":42,"column":4},"end":{"line":42,"column":72}},"19":{"start":{"line":44,"column":21},"end":{"line":44,"column":50}},"20":{"start":{"line":45,"column":13},"end":{"line":45,"column":38}},"21":{"start":{"line":46,"column":18},"end":{"line":46,"column":48}},"22":{"start":{"line":47,"column":19},"end":{"line":47,"column":62}},"23":{"start":{"line":48,"column":2},"end":{"line":48,"column":31}},"24":{"start":{"line":49,"column":2},"end":{"line":49,"column":72}},"25":{"start":{"line":53,"column":2},"end":{"line":53,"column":66}},"26":{"start":{"line":57,"column":2},"end":{"line":57,"column":60}},"27":{"start":{"line":61,"column":2},"end":{"line":63,"column":3}},"28":{"start":{"line":62,"column":4},"end":{"line":62,"column":47}},"29":{"start":{"line":66,"column":0},"end":{"line":73,"column":2}}},"fnMap":{"0":{"name":"getEncryptionKey","decl":{"start":{"line":8,"column":9},"end":{"line":8,"column":25}},"loc":{"start":{"line":8,"column":28},"end":{"line":16,"column":1}},"line":8},"1":{"name":"encryptBuffer","decl":{"start":{"line":22,"column":9},"end":{"line":22,"column":22}},"loc":{"start":{"line":22,"column":31},"end":{"line":33,"column":1}},"line":22},"2":{"name":"decryptFileFromDisk","decl":{"start":{"line":38,"column":9},"end":{"line":38,"column":28}},"loc":{"start":{"line":38,"column":60},"end":{"line":50,"column":1}},"line":38},"3":{"name":"sha256","decl":{"start":{"line":52,"column":9},"end":{"line":52,"column":15}},"loc":{"start":{"line":52,"column":24},"end":{"line":54,"column":1}},"line":52},"4":{"name":"getStorageRoot","decl":{"start":{"line":56,"column":9},"end":{"line":56,"column":23}},"loc":{"start":{"line":56,"column":26},"end":{"line":58,"column":1}},"line":56},"5":{"name":"ensureDir","decl":{"start":{"line":60,"column":9},"end":{"line":60,"column":18}},"loc":{"start":{"line":60,"column":28},"end":{"line":64,"column":1}},"line":60}},"branchMap":{"0":{"loc":{"start":{"line":10,"column":2},"end":{"line":14,"column":3}},"type":"if","locations":[{"start":{"line":10,"column":2},"end":{"line":14,"column":3}},{"start":{},"end":{}}],"line":10},"1":{"loc":{"start":{"line":10,"column":6},"end":{"line":10,"column":31}},"type":"binary-expr","locations":[{"start":{"line":10,"column":6},"end":{"line":10,"column":10}},{"start":{"line":10,"column":14},"end":{"line":10,"column":31}}],"line":10},"2":{"loc":{"start":{"line":41,"column":2},"end":{"line":43,"column":3}},"type":"if","locations":[{"start":{"line":41,"column":2},"end":{"line":43,"column":3}},{"start":{},"end":{}}],"line":41},"3":{"loc":{"start":{"line":61,"column":2},"end":{"line":63,"column":3}},"type":"if","locations":[{"start":{"line":61,"column":2},"end":{"line":63,"column":3}},{"start":{},"end":{}}],"line":61}},"s":{"0":1,"1":1,"2":1,"3":1,"4":1,"5":5,"6":5,"7":1,"8":4,"9":1,"10":1,"11":1,"12":1,"13":1,"14":1,"15":2,"16":2,"17":2,"18":1,"19":1,"20":1,"21":1,"22":1,"23":1,"24":1,"25":1,"26":3,"27":2,"28":1,"29":1},"f":{"0":5,"1":1,"2":2,"3":1,"4":3,"5":2},"b":{"0":[1,4],"1":[5,5],"2":[1,1],"3":[1,1]},"_coverageSchema":"1a1c01bbd47fc00a2c39e90264f33305004495a9","hash":"dfacfed9e31047e2c43821e082a4e6fbb477e206"}
,"C:\\Users\\Pcfwd\\OneDrive\\Escritorio\\BACKEND\\proyectos\\olimpiadas_especiales\\OlimpiadasEspeciales_CostaRica\\Backend\\utils\\responseFormatter.js": {"path":"C:\\Users\\Pcfwd\\OneDrive\\Escritorio\\BACKEND\\proyectos\\olimpiadas_especiales\\OlimpiadasEspeciales_CostaRica\\Backend\\utils\\responseFormatter.js","statementMap":{"0":{"start":{"line":7,"column":24},"end":{"line":13,"column":1}},"1":{"start":{"line":8,"column":2},"end":{"line":12,"column":4}},"2":{"start":{"line":21,"column":22},"end":{"line":27,"column":1}},"3":{"start":{"line":22,"column":2},"end":{"line":26,"column":4}},"4":{"start":{"line":29,"column":0},"end":{"line":32,"column":2}}},"fnMap":{"0":{"name":"(anonymous_0)","decl":{"start":{"line":7,"column":24},"end":{"line":7,"column":25}},"loc":{"start":{"line":7,"column":50},"end":{"line":13,"column":1}},"line":7},"1":{"name":"(anonymous_1)","decl":{"start":{"line":21,"column":22},"end":{"line":21,"column":23}},"loc":{"start":{"line":21,"column":50},"end":{"line":27,"column":1}},"line":21}},"branchMap":{"0":{"loc":{"start":{"line":7,"column":34},"end":{"line":7,"column":45}},"type":"default-arg","locations":[{"start":{"line":7,"column":41},"end":{"line":7,"column":45}}],"line":7},"1":{"loc":{"start":{"line":21,"column":32},"end":{"line":21,"column":45}},"type":"default-arg","locations":[{"start":{"line":21,"column":41},"end":{"line":21,"column":45}}],"line":21}},"s":{"0":1,"1":2,"2":1,"3":2,"4":1},"f":{"0":2,"1":2},"b":{"0":[1],"1":[1]},"_coverageSchema":"1a1c01bbd47fc00a2c39e90264f33305004495a9","hash":"fc564b44507c9976267dc938e7b9ea8bfdccb289"}
,"C:\\Users\\Pcfwd\\OneDrive\\Escritorio\\BACKEND\\proyectos\\olimpiadas_especiales\\OlimpiadasEspeciales_CostaRica\\Backend\\utils\\validators.js": {"path":"C:\\Users\\Pcfwd\\OneDrive\\Escritorio\\BACKEND\\proyectos\\olimpiadas_especiales\\OlimpiadasEspeciales_CostaRica\\Backend\\utils\\validators.js","statementMap":{"0":{"start":{"line":1,"column":17},"end":{"line":1,"column":45}},"1":{"start":{"line":4,"column":21},"end":{"line":4,"column":39}},"2":{"start":{"line":5,"column":2},"end":{"line":5,"column":54}},"3":{"start":{"line":5,"column":42},"end":{"line":5,"column":54}},"4":{"start":{"line":6,"column":14},"end":{"line":6,"column":24}},"5":{"start":{"line":7,"column":13},"end":{"line":7,"column":57}},"6":{"start":{"line":8,"column":12},"end":{"line":8,"column":50}},"7":{"start":{"line":9,"column":2},"end":{"line":9,"column":73}},"8":{"start":{"line":9,"column":66},"end":{"line":9,"column":73}},"9":{"start":{"line":10,"column":2},"end":{"line":10,"column":14}},"10":{"start":{"line":14,"column":2},"end":{"line":14,"column":26}},"11":{"start":{"line":14,"column":14},"end":{"line":14,"column":26}},"12":{"start":{"line":15,"column":16},"end":{"line":15,"column":31}},"13":{"start":{"line":16,"column":2},"end":{"line":16,"column":71}},"14":{"start":{"line":16,"column":37},"end":{"line":16,"column":71}},"15":{"start":{"line":17,"column":14},"end":{"line":17,"column":24}},"16":{"start":{"line":18,"column":2},"end":{"line":18,"column":32}},"17":{"start":{"line":19,"column":2},"end":{"line":19,"column":81}},"18":{"start":{"line":19,"column":19},"end":{"line":19,"column":81}},"19":{"start":{"line":20,"column":2},"end":{"line":20,"column":14}},"20":{"start":{"line":24,"column":2},"end":{"line":24,"column":71}},"21":{"start":{"line":24,"column":14},"end":{"line":24,"column":71}},"22":{"start":{"line":25,"column":2},"end":{"line":25,"column":30}},"23":{"start":{"line":26,"column":15},"end":{"line":26,"column":34}},"24":{"start":{"line":27,"column":2},"end":{"line":27,"column":69}},"25":{"start":{"line":27,"column":21},"end":{"line":27,"column":69}},"26":{"start":{"line":28,"column":2},"end":{"line":28,"column":80}},"27":{"start":{"line":28,"column":16},"end":{"line":28,"column":80}},"28":{"start":{"line":29,"column":2},"end":{"line":29,"column":73}},"29":{"start":{"line":29,"column":18},"end":{"line":29,"column":73}},"30":{"start":{"line":30,"column":2},"end":{"line":30,"column":14}},"31":{"start":{"line":34,"column":2},"end":{"line":34,"column":26}},"32":{"start":{"line":34,"column":14},"end":{"line":34,"column":26}},"33":{"start":{"line":35,"column":2},"end":{"line":35,"column":30}},"34":{"start":{"line":36,"column":15},"end":{"line":36,"column":34}},"35":{"start":{"line":37,"column":2},"end":{"line":37,"column":69}},"36":{"start":{"line":37,"column":21},"end":{"line":37,"column":69}},"37":{"start":{"line":38,"column":2},"end":{"line":38,"column":62}},"38":{"start":{"line":38,"column":17},"end":{"line":38,"column":62}},"39":{"start":{"line":39,"column":2},"end":{"line":39,"column":73}},"40":{"start":{"line":39,"column":18},"end":{"line":39,"column":73}},"41":{"start":{"line":40,"column":2},"end":{"line":40,"column":14}},"42":{"start":{"line":46,"column":19},"end":{"line":132,"column":1}},"43":{"start":{"line":52,"column":32},"end":{"line":52,"column":74}},"44":{"start":{"line":68,"column":32},"end":{"line":68,"column":74}},"45":{"start":{"line":100,"column":6},"end":{"line":100,"column":56}},"46":{"start":{"line":100,"column":44},"end":{"line":100,"column":56}},"47":{"start":{"line":101,"column":6},"end":{"line":103,"column":7}},"48":{"start":{"line":102,"column":8},"end":{"line":102,"column":91}},"49":{"start":{"line":104,"column":6},"end":{"line":104,"column":18}},"50":{"start":{"line":134,"column":0},"end":{"line":134,"column":28}}},"fnMap":{"0":{"name":"calcularEdad","decl":{"start":{"line":3,"column":9},"end":{"line":3,"column":21}},"loc":{"start":{"line":3,"column":32},"end":{"line":11,"column":1}},"line":3},"1":{"name":"validarFechaNoFutura","decl":{"start":{"line":13,"column":9},"end":{"line":13,"column":29}},"loc":{"start":{"line":13,"column":37},"end":{"line":21,"column":1}},"line":13},"2":{"name":"validarEdadAtleta","decl":{"start":{"line":23,"column":9},"end":{"line":23,"column":26}},"loc":{"start":{"line":23,"column":34},"end":{"line":31,"column":1}},"line":23},"3":{"name":"validarEdadAdulto","decl":{"start":{"line":33,"column":9},"end":{"line":33,"column":26}},"loc":{"start":{"line":33,"column":34},"end":{"line":41,"column":1}},"line":33},"4":{"name":"(anonymous_4)","decl":{"start":{"line":52,"column":23},"end":{"line":52,"column":24}},"loc":{"start":{"line":52,"column":32},"end":{"line":52,"column":74}},"line":52},"5":{"name":"(anonymous_5)","decl":{"start":{"line":68,"column":23},"end":{"line":68,"column":24}},"loc":{"start":{"line":68,"column":32},"end":{"line":68,"column":74}},"line":68},"6":{"name":"(anonymous_6)","decl":{"start":{"line":99,"column":106},"end":{"line":99,"column":107}},"loc":{"start":{"line":99,"column":126},"end":{"line":105,"column":5}},"line":99}},"branchMap":{"0":{"loc":{"start":{"line":5,"column":2},"end":{"line":5,"column":54}},"type":"if","locations":[{"start":{"line":5,"column":2},"end":{"line":5,"column":54}},{"start":{},"end":{}}],"line":5},"1":{"loc":{"start":{"line":9,"column":2},"end":{"line":9,"column":73}},"type":"if","locations":[{"start":{"line":9,"column":2},"end":{"line":9,"column":73}},{"start":{},"end":{}}],"line":9},"2":{"loc":{"start":{"line":9,"column":6},"end":{"line":9,"column":64}},"type":"binary-expr","locations":[{"start":{"line":9,"column":6},"end":{"line":9,"column":11}},{"start":{"line":9,"column":16},"end":{"line":9,"column":23}},{"start":{"line":9,"column":27},"end":{"line":9,"column":63}}],"line":9},"3":{"loc":{"start":{"line":14,"column":2},"end":{"line":14,"column":26}},"type":"if","locations":[{"start":{"line":14,"column":2},"end":{"line":14,"column":26}},{"start":{},"end":{}}],"line":14},"4":{"loc":{"start":{"line":16,"column":2},"end":{"line":16,"column":71}},"type":"if","locations":[{"start":{"line":16,"column":2},"end":{"line":16,"column":71}},{"start":{},"end":{}}],"line":16},"5":{"loc":{"start":{"line":19,"column":2},"end":{"line":19,"column":81}},"type":"if","locations":[{"start":{"line":19,"column":2},"end":{"line":19,"column":81}},{"start":{},"end":{}}],"line":19},"6":{"loc":{"start":{"line":24,"column":2},"end":{"line":24,"column":71}},"type":"if","locations":[{"start":{"line":24,"column":2},"end":{"line":24,"column":71}},{"start":{},"end":{}}],"line":24},"7":{"loc":{"start":{"line":27,"column":2},"end":{"line":27,"column":69}},"type":"if","locations":[{"start":{"line":27,"column":2},"end":{"line":27,"column":69}},{"start":{},"end":{}}],"line":27},"8":{"loc":{"start":{"line":28,"column":2},"end":{"line":28,"column":80}},"type":"if","locations":[{"start":{"line":28,"column":2},"end":{"line":28,"column":80}},{"start":{},"end":{}}],"line":28},"9":{"loc":{"start":{"line":29,"column":2},"end":{"line":29,"column":73}},"type":"if","locations":[{"start":{"line":29,"column":2},"end":{"line":29,"column":73}},{"start":{},"end":{}}],"line":29},"10":{"loc":{"start":{"line":34,"column":2},"end":{"line":34,"column":26}},"type":"if","locations":[{"start":{"line":34,"column":2},"end":{"line":34,"column":26}},{"start":{},"end":{}}],"line":34},"11":{"loc":{"start":{"line":37,"column":2},"end":{"line":37,"column":69}},"type":"if","locations":[{"start":{"line":37,"column":2},"end":{"line":37,"column":69}},{"start":{},"end":{}}],"line":37},"12":{"loc":{"start":{"line":38,"column":2},"end":{"line":38,"column":62}},"type":"if","locations":[{"start":{"line":38,"column":2},"end":{"line":38,"column":62}},{"start":{},"end":{}}],"line":38},"13":{"loc":{"start":{"line":39,"column":2},"end":{"line":39,"column":73}},"type":"if","locations":[{"start":{"line":39,"column":2},"end":{"line":39,"column":73}},{"start":{},"end":{}}],"line":39},"14":{"loc":{"start":{"line":52,"column":32},"end":{"line":52,"column":74}},"type":"cond-expr","locations":[{"start":{"line":52,"column":40},"end":{"line":52,"column":66}},{"start":{"line":52,"column":69},"end":{"line":52,"column":74}}],"line":52},"15":{"loc":{"start":{"line":68,"column":32},"end":{"line":68,"column":74}},"type":"cond-expr","locations":[{"start":{"line":68,"column":40},"end":{"line":68,"column":66}},{"start":{"line":68,"column":69},"end":{"line":68,"column":74}}],"line":68},"16":{"loc":{"start":{"line":100,"column":6},"end":{"line":100,"column":56}},"type":"if","locations":[{"start":{"line":100,"column":6},"end":{"line":100,"column":56}},{"start":{},"end":{}}],"line":100},"17":{"loc":{"start":{"line":100,"column":10},"end":{"line":100,"column":42}},"type":"binary-expr","locations":[{"start":{"line":100,"column":10},"end":{"line":100,"column":16}},{"start":{"line":100,"column":20},"end":{"line":100,"column":42}}],"line":100},"18":{"loc":{"start":{"line":101,"column":6},"end":{"line":103,"column":7}},"type":"if","locations":[{"start":{"line":101,"column":6},"end":{"line":103,"column":7}},{"start":{},"end":{}}],"line":101}},"s":{"0":1,"1":0,"2":0,"3":0,"4":0,"5":0,"6":0,"7":0,"8":0,"9":0,"10":0,"11":0,"12":0,"13":0,"14":0,"15":0,"16":0,"17":0,"18":0,"19":0,"20":0,"21":0,"22":0,"23":0,"24":0,"25":0,"26":0,"27":0,"28":0,"29":0,"30":0,"31":0,"32":0,"33":0,"34":0,"35":0,"36":0,"37":0,"38":0,"39":0,"40":0,"41":0,"42":1,"43":5,"44":5,"45":0,"46":0,"47":0,"48":0,"49":0,"50":1},"f":{"0":0,"1":0,"2":0,"3":0,"4":5,"5":5,"6":0},"b":{"0":[0,0],"1":[0,0],"2":[0,0,0],"3":[0,0],"4":[0,0],"5":[0,0],"6":[0,0],"7":[0,0],"8":[0,0],"9":[0,0],"10":[0,0],"11":[0,0],"12":[0,0],"13":[0,0],"14":[4,1],"15":[5,0],"16":[0,0],"17":[0,0],"18":[0,0]},"_coverageSchema":"1a1c01bbd47fc00a2c39e90264f33305004495a9","hash":"587c67e52e0cfe8b9045084c2dada2b564597730"}
}
