TN:
SF:controllers\IAController.js
FN:18,(anonymous_0)
FN:39,(anonymous_1)
FN:65,(anonymous_2)
FN:85,(anonymous_3)
FNF:4
FNH:0
FNDA:0,(anonymous_0)
FNDA:0,(anonymous_1)
FNDA:0,(anonymous_2)
FNDA:0,(anonymous_3)
DA:5,0
DA:6,0
DA:7,0
DA:8,0
DA:9,0
DA:10,0
DA:12,0
DA:19,0
DA:20,0
DA:23,0
DA:26,0
DA:28,0
DA:30,0
DA:40,0
DA:41,0
DA:44,0
DA:45,0
DA:46,0
DA:47,0
DA:50,0
DA:53,0
DA:55,0
DA:57,0
DA:66,0
DA:67,0
DA:69,0
DA:70,0
DA:73,0
DA:75,0
DA:77,0
DA:86,0
DA:87,0
DA:89,0
DA:90,0
DA:93,0
DA:95,0
DA:97,0
DA:102,0
LF:38
LH:0
BRDA:69,0,0,0
BRDA:69,0,1,0
BRDA:89,1,0,0
BRDA:89,1,1,0
BRF:4
BRH:0
end_of_record
TN:
SF:controllers\adminController.js
FN:7,(anonymous_0)
FN:44,(anonymous_1)
FN:48,(anonymous_2)
FN:83,(anonymous_3)
FN:104,(anonymous_4)
FNF:5
FNH:0
FNDA:0,(anonymous_0)
FNDA:0,(anonymous_1)
FNDA:0,(anonymous_2)
FNDA:0,(anonymous_3)
FNDA:0,(anonymous_4)
DA:1,0
DA:2,0
DA:3,0
DA:4,0
DA:7,0
DA:8,0
DA:9,0
DA:12,0
DA:13,0
DA:14,0
DA:15,0
DA:18,0
DA:19,0
DA:20,0
DA:23,0
DA:24,0
DA:26,0
DA:28,0
DA:29,0
DA:30,0
DA:32,0
DA:39,0
DA:45,0
DA:46,0
DA:48,0
DA:49,0
DA:50,0
DA:73,0
DA:75,0
DA:84,0
DA:85,0
DA:86,0
DA:87,0
DA:89,0
DA:96,0
DA:106,0
DA:122,0
LF:37
LH:0
BRDA:12,0,0,0
BRDA:12,0,1,0
BRDA:12,1,0,0
BRDA:12,1,1,0
BRDA:13,2,0,0
BRDA:13,2,1,0
BRDA:14,3,0,0
BRDA:14,3,1,0
BRDA:15,4,0,0
BRDA:15,4,1,0
BRDA:18,5,0,0
BRDA:18,5,1,0
BRDA:19,6,0,0
BRDA:19,6,1,0
BRDA:19,7,0,0
BRDA:19,7,1,0
BRDA:20,8,0,0
BRDA:20,8,1,0
BRDA:23,9,0,0
BRDA:23,9,1,0
BRDA:24,10,0,0
BRDA:24,10,1,0
BRDA:28,11,0,0
BRDA:28,11,1,0
BRDA:29,12,0,0
BRDA:29,12,1,0
BRF:26
BRH:0
end_of_record
TN:
SF:controllers\atletaController.js
FN:24,(anonymous_0)
FN:63,(anonymous_1)
FN:97,(anonymous_2)
FN:179,(anonymous_3)
FN:211,(anonymous_4)
FN:222,(anonymous_5)
FN:278,(anonymous_6)
FN:289,(anonymous_7)
FN:309,(anonymous_8)
FN:315,(anonymous_9)
FN:327,(anonymous_10)
FN:347,(anonymous_11)
FN:353,(anonymous_12)
FN:379,(anonymous_13)
FNF:14
FNH:0
FNDA:0,(anonymous_0)
FNDA:0,(anonymous_1)
FNDA:0,(anonymous_2)
FNDA:0,(anonymous_3)
FNDA:0,(anonymous_4)
FNDA:0,(anonymous_5)
FNDA:0,(anonymous_6)
FNDA:0,(anonymous_7)
FNDA:0,(anonymous_8)
FNDA:0,(anonymous_9)
FNDA:0,(anonymous_10)
FNDA:0,(anonymous_11)
FNDA:0,(anonymous_12)
FNDA:0,(anonymous_13)
DA:1,0
DA:2,0
DA:3,0
DA:4,0
DA:5,0
DA:6,0
DA:7,0
DA:8,0
DA:9,0
DA:10,0
DA:18,0
DA:25,0
DA:26,0
DA:27,0
DA:29,0
DA:30,0
DA:31,0
DA:39,0
DA:52,0
DA:53,0
DA:55,0
DA:64,0
DA:65,0
DA:66,0
DA:69,0
DA:70,0
DA:73,0
DA:83,0
DA:84,0
DA:87,0
DA:89,0
DA:98,0
DA:99,0
DA:100,0
DA:101,0
DA:102,0
DA:106,0
DA:107,0
DA:109,0
DA:110,0
DA:111,0
DA:112,0
DA:115,0
DA:118,0
DA:140,0
DA:143,0
DA:144,0
DA:145,0
DA:150,0
DA:151,0
DA:152,0
DA:153,0
DA:164,0
DA:165,0
DA:166,0
DA:174,0
DA:179,0
DA:181,0
DA:182,0
DA:185,0
DA:188,0
DA:189,0
DA:190,0
DA:191,0
DA:192,0
DA:197,0
DA:201,0
DA:208,0
DA:209,0
DA:210,0
DA:211,0
DA:213,0
DA:214,0
DA:223,0
DA:224,0
DA:225,0
DA:228,0
DA:229,0
DA:232,0
DA:233,0
DA:234,0
DA:238,0
DA:239,0
DA:240,0
DA:241,0
DA:243,0
DA:244,0
DA:245,0
DA:246,0
DA:248,0
DA:249,0
DA:252,0
DA:253,0
DA:254,0
DA:255,0
DA:256,0
DA:257,0
DA:258,0
DA:259,0
DA:260,0
DA:261,0
DA:262,0
DA:263,0
DA:264,0
DA:265,0
DA:267,0
DA:269,0
DA:270,0
DA:271,0
DA:274,0
DA:276,0
DA:277,0
DA:278,0
DA:280,0
DA:281,0
DA:290,0
DA:291,0
DA:292,0
DA:294,0
DA:296,0
DA:297,0
DA:300,0
DA:302,0
DA:310,0
DA:311,0
DA:312,0
DA:314,0
DA:315,0
DA:316,0
DA:318,0
DA:328,0
DA:329,0
DA:330,0
DA:332,0
DA:333,0
DA:336,0
DA:337,0
DA:344,0
DA:346,0
DA:347,0
DA:349,0
DA:354,0
DA:355,0
DA:356,0
DA:357,0
DA:359,0
DA:360,0
DA:361,0
DA:364,0
DA:365,0
DA:369,0
DA:371,0
DA:380,0
DA:381,0
DA:382,0
DA:384,0
DA:386,0
DA:387,0
DA:389,0
DA:391,0
DA:396,0
LF:161
LH:0
BRDA:30,0,0,0
BRDA:30,0,1,0
BRDA:66,1,0,0
BRDA:66,1,1,0
BRDA:69,2,0,0
BRDA:69,2,1,0
BRDA:69,3,0,0
BRDA:69,3,1,0
BRDA:83,4,0,0
BRDA:83,4,1,0
BRDA:100,5,0,0
BRDA:100,5,1,0
BRDA:101,6,0,0
BRDA:101,6,1,0
BRDA:101,7,0,0
BRDA:101,7,1,0
BRDA:106,8,0,0
BRDA:106,8,1,0
BRDA:107,9,0,0
BRDA:107,9,1,0
BRDA:109,10,0,0
BRDA:109,10,1,0
BRDA:109,11,0,0
BRDA:109,11,1,0
BRDA:115,12,0,0
BRDA:115,12,1,0
BRDA:121,13,0,0
BRDA:121,13,1,0
BRDA:122,14,0,0
BRDA:122,14,1,0
BRDA:122,14,2,0
BRDA:123,15,0,0
BRDA:123,15,1,0
BRDA:124,16,0,0
BRDA:124,16,1,0
BRDA:125,17,0,0
BRDA:125,17,1,0
BRDA:125,17,2,0
BRDA:126,18,0,0
BRDA:126,18,1,0
BRDA:127,19,0,0
BRDA:127,19,1,0
BRDA:128,20,0,0
BRDA:128,20,1,0
BRDA:129,21,0,0
BRDA:129,21,1,0
BRDA:130,22,0,0
BRDA:130,22,1,0
BRDA:131,23,0,0
BRDA:131,23,1,0
BRDA:132,24,0,0
BRDA:132,24,1,0
BRDA:133,25,0,0
BRDA:133,25,1,0
BRDA:134,26,0,0
BRDA:134,26,1,0
BRDA:135,27,0,0
BRDA:135,27,1,0
BRDA:136,28,0,0
BRDA:136,28,1,0
BRDA:137,29,0,0
BRDA:137,29,1,0
BRDA:143,30,0,0
BRDA:143,30,1,0
BRDA:143,31,0,0
BRDA:143,31,1,0
BRDA:150,32,0,0
BRDA:150,32,1,0
BRDA:150,33,0,0
BRDA:150,33,1,0
BRDA:152,34,0,0
BRDA:152,34,1,0
BRDA:156,35,0,0
BRDA:156,35,1,0
BRDA:157,36,0,0
BRDA:157,36,1,0
BRDA:164,37,0,0
BRDA:164,37,1,0
BRDA:164,38,0,0
BRDA:164,38,1,0
BRDA:164,38,2,0
BRDA:168,39,0,0
BRDA:168,39,1,0
BRDA:175,40,0,0
BRDA:175,40,1,0
BRDA:176,41,0,0
BRDA:176,41,1,0
BRDA:177,42,0,0
BRDA:177,42,1,0
BRDA:178,43,0,0
BRDA:178,43,1,0
BRDA:188,44,0,0
BRDA:188,44,1,0
BRDA:188,44,2,0
BRDA:190,45,0,0
BRDA:190,45,1,0
BRDA:210,46,0,0
BRDA:210,46,1,0
BRDA:213,47,0,0
BRDA:213,47,1,0
BRDA:225,48,0,0
BRDA:225,48,1,0
BRDA:228,49,0,0
BRDA:228,49,1,0
BRDA:228,50,0,0
BRDA:228,50,1,0
BRDA:233,51,0,0
BRDA:233,51,1,0
BRDA:233,52,0,0
BRDA:233,52,1,0
BRDA:239,53,0,0
BRDA:239,53,1,0
BRDA:241,54,0,0
BRDA:241,54,1,0
BRDA:241,54,2,0
BRDA:243,55,0,0
BRDA:243,55,1,0
BRDA:243,56,0,0
BRDA:243,56,1,0
BRDA:249,57,0,0
BRDA:249,57,1,0
BRDA:252,58,0,0
BRDA:252,58,1,0
BRDA:253,59,0,0
BRDA:253,59,1,0
BRDA:254,60,0,0
BRDA:254,60,1,0
BRDA:254,61,0,0
BRDA:254,61,1,0
BRDA:254,62,0,0
BRDA:254,62,1,0
BRDA:255,63,0,0
BRDA:255,63,1,0
BRDA:256,64,0,0
BRDA:256,64,1,0
BRDA:257,65,0,0
BRDA:257,65,1,0
BRDA:257,66,0,0
BRDA:257,66,1,0
BRDA:257,67,0,0
BRDA:257,67,1,0
BRDA:258,68,0,0
BRDA:258,68,1,0
BRDA:259,69,0,0
BRDA:259,69,1,0
BRDA:260,70,0,0
BRDA:260,70,1,0
BRDA:261,71,0,0
BRDA:261,71,1,0
BRDA:262,72,0,0
BRDA:262,72,1,0
BRDA:263,73,0,0
BRDA:263,73,1,0
BRDA:264,74,0,0
BRDA:264,74,1,0
BRDA:265,75,0,0
BRDA:265,75,1,0
BRDA:265,76,0,0
BRDA:265,76,1,0
BRDA:265,77,0,0
BRDA:265,77,1,0
BRDA:269,78,0,0
BRDA:269,78,1,0
BRDA:269,79,0,0
BRDA:269,79,1,0
BRDA:277,80,0,0
BRDA:277,80,1,0
BRDA:280,81,0,0
BRDA:280,81,1,0
BRDA:292,82,0,0
BRDA:292,82,1,0
BRDA:296,83,0,0
BRDA:296,83,1,0
BRDA:312,84,0,0
BRDA:312,84,1,0
BRDA:330,85,0,0
BRDA:330,85,1,0
BRDA:332,86,0,0
BRDA:332,86,1,0
BRDA:339,87,0,0
BRDA:339,87,1,0
BRDA:340,88,0,0
BRDA:340,88,1,0
BRDA:346,89,0,0
BRDA:346,89,1,0
BRDA:357,90,0,0
BRDA:357,90,1,0
BRDA:360,91,0,0
BRDA:360,91,1,0
BRDA:382,92,0,0
BRDA:382,92,1,0
BRDA:382,93,0,0
BRDA:382,93,1,0
BRDA:386,94,0,0
BRDA:386,94,1,0
BRF:195
BRH:0
end_of_record
TN:
SF:controllers\authController.js
FN:31,(anonymous_0)
FN:111,(anonymous_1)
FN:197,(anonymous_2)
FN:231,(anonymous_3)
FN:259,(anonymous_4)
FN:304,(anonymous_5)
FN:347,(anonymous_6)
FNF:7
FNH:5
FNDA:2,(anonymous_0)
FNDA:4,(anonymous_1)
FNDA:2,(anonymous_2)
FNDA:1,(anonymous_3)
FNDA:0,(anonymous_4)
FNDA:1,(anonymous_5)
FNDA:0,(anonymous_6)
DA:1,1
DA:2,1
DA:3,1
DA:4,1
DA:5,1
DA:6,1
DA:7,1
DA:8,1
DA:13,1
DA:14,0
DA:19,1
DA:31,1
DA:32,2
DA:33,2
DA:36,2
DA:37,0
DA:41,2
DA:42,2
DA:43,1
DA:47,1
DA:48,1
DA:49,1
DA:50,0
DA:55,1
DA:56,1
DA:59,1
DA:74,1
DA:89,1
DA:92,0
DA:94,0
DA:95,0
DA:98,0
DA:99,0
DA:102,0
DA:103,0
DA:111,1
DA:112,4
DA:113,4
DA:115,4
DA:116,0
DA:119,4
DA:120,4
DA:121,1
DA:124,3
DA:125,1
DA:128,2
DA:129,2
DA:130,1
DA:134,1
DA:145,1
DA:148,1
DA:155,1
DA:156,1
DA:158,1
DA:167,1
DA:185,1
DA:188,0
DA:189,0
DA:197,1
DA:198,2
DA:199,2
DA:201,2
DA:202,1
DA:205,1
DA:207,1
DA:208,1
DA:209,1
DA:217,1
DA:219,1
DA:222,0
DA:223,0
DA:231,1
DA:232,1
DA:233,1
DA:236,1
DA:238,1
DA:248,1
DA:250,0
DA:251,0
DA:259,1
DA:260,0
DA:261,0
DA:263,0
DA:264,0
DA:266,0
DA:267,0
DA:268,0
DA:271,0
DA:272,0
DA:273,0
DA:275,0
DA:276,0
DA:277,0
DA:279,0
DA:280,0
DA:283,0
DA:285,0
DA:292,0
DA:294,0
DA:295,0
DA:296,0
DA:304,1
DA:305,1
DA:306,1
DA:308,1
DA:310,1
DA:312,1
DA:314,1
DA:316,1
DA:319,1
DA:325,1
DA:328,1
DA:329,0
DA:330,0
DA:331,0
DA:336,1
DA:338,0
DA:339,0
DA:347,1
DA:348,0
DA:349,0
DA:352,0
DA:355,0
DA:356,0
DA:365,0
DA:366,0
DA:370,0
DA:371,0
DA:374,0
DA:381,0
DA:386,0
DA:388,0
DA:389,0
DA:393,1
LF:134
LH:77
BRDA:13,0,0,0
BRDA:13,0,1,1
BRDA:36,1,0,0
BRDA:36,1,1,2
BRDA:36,2,0,2
BRDA:36,2,1,2
BRDA:36,2,2,2
BRDA:36,2,3,2
BRDA:42,3,0,1
BRDA:42,3,1,1
BRDA:47,4,0,1
BRDA:47,4,1,0
BRDA:49,5,0,0
BRDA:49,5,1,1
BRDA:94,6,0,0
BRDA:94,6,1,0
BRDA:98,7,0,0
BRDA:98,7,1,0
BRDA:102,8,0,0
BRDA:102,8,1,0
BRDA:115,9,0,0
BRDA:115,9,1,4
BRDA:115,10,0,4
BRDA:115,10,1,4
BRDA:120,11,0,1
BRDA:120,11,1,3
BRDA:124,12,0,1
BRDA:124,12,1,2
BRDA:129,13,0,1
BRDA:129,13,1,1
BRDA:142,14,0,1
BRDA:142,14,1,1
BRDA:145,15,0,1
BRDA:145,15,1,1
BRDA:199,16,0,2
BRDA:199,16,1,1
BRDA:199,16,2,0
BRDA:201,17,0,1
BRDA:201,17,1,1
BRDA:207,18,0,1
BRDA:207,18,1,0
BRDA:236,19,0,0
BRDA:236,19,1,1
BRDA:244,20,0,1
BRDA:244,20,1,0
BRDA:245,21,0,1
BRDA:245,21,1,0
BRDA:264,22,0,0
BRDA:264,22,1,0
BRDA:267,23,0,0
BRDA:267,23,1,0
BRDA:268,24,0,0
BRDA:268,24,1,0
BRDA:271,25,0,0
BRDA:271,25,1,0
BRDA:272,26,0,0
BRDA:272,26,1,0
BRDA:276,27,0,0
BRDA:276,27,1,0
BRDA:295,28,0,0
BRDA:295,28,1,0
BRDA:310,29,0,1
BRDA:310,29,1,0
BRDA:328,30,0,0
BRDA:328,30,1,1
BRDA:365,31,0,0
BRDA:365,31,1,0
BRF:67
BRH:33
end_of_record
TN:
SF:controllers\certificadoController.js
FN:15,(anonymous_0)
FNF:1
FNH:0
FNDA:0,(anonymous_0)
DA:7,0
DA:15,0
DA:16,0
DA:17,0
DA:20,0
DA:21,0
DA:28,0
DA:31,0
DA:34,0
DA:45,0
DA:48,0
DA:49,0
DA:51,0
DA:59,0
LF:14
LH:0
BRDA:20,0,0,0
BRDA:20,0,1,0
BRDA:38,1,0,0
BRDA:38,1,1,0
BRDA:39,2,0,0
BRDA:39,2,1,0
BRDA:48,3,0,0
BRDA:48,3,1,0
BRDA:49,4,0,0
BRDA:49,4,1,0
BRF:10
BRH:0
end_of_record
TN:
SF:controllers\chatController.js
FN:45,(anonymous_0)
FNF:1
FNH:0
FNDA:0,(anonymous_0)
DA:1,0
DA:3,0
DA:4,0
DA:5,0
DA:6,0
DA:10,0
DA:13,0
DA:16,0
DA:45,0
DA:46,0
DA:48,0
DA:49,0
DA:52,0
DA:53,0
DA:54,0
DA:56,0
DA:66,0
DA:67,0
DA:69,0
DA:70,0
DA:74,0
LF:21
LH:0
BRDA:5,0,0,0
BRDA:5,0,1,0
BRDA:48,1,0,0
BRDA:48,1,1,0
BRDA:48,2,0,0
BRDA:48,2,1,0
BRDA:53,3,0,0
BRDA:53,3,1,0
BRF:8
BRH:0
end_of_record
TN:
SF:controllers\competicion.controller.js
FN:16,(anonymous_0)
FN:34,(anonymous_1)
FN:54,(anonymous_2)
FN:63,(anonymous_3)
FN:74,(anonymous_4)
FN:91,(anonymous_5)
FN:102,(anonymous_6)
FN:122,(anonymous_7)
FNF:8
FNH:0
FNDA:0,(anonymous_0)
FNDA:0,(anonymous_1)
FNDA:0,(anonymous_2)
FNDA:0,(anonymous_3)
FNDA:0,(anonymous_4)
FNDA:0,(anonymous_5)
FNDA:0,(anonymous_6)
FNDA:0,(anonymous_7)
DA:1,0
DA:2,0
DA:3,0
DA:4,0
DA:10,0
DA:17,0
DA:18,0
DA:19,0
DA:23,0
DA:24,0
DA:26,0
DA:35,0
DA:36,0
DA:37,0
DA:38,0
DA:40,0
DA:41,0
DA:44,0
DA:46,0
DA:55,0
DA:56,0
DA:57,0
DA:59,0
DA:60,0
DA:62,0
DA:63,0
DA:65,0
DA:66,0
DA:75,0
DA:76,0
DA:77,0
DA:78,0
DA:79,0
DA:81,0
DA:83,0
DA:84,0
DA:87,0
DA:88,0
DA:90,0
DA:91,0
DA:93,0
DA:94,0
DA:103,0
DA:104,0
DA:105,0
DA:106,0
DA:108,0
DA:109,0
DA:112,0
DA:114,0
DA:123,0
DA:124,0
DA:125,0
DA:126,0
DA:130,0
DA:137,0
DA:139,0
DA:144,0
LF:58
LH:0
BRDA:37,0,0,0
BRDA:37,0,1,0
BRDA:40,1,0,0
BRDA:40,1,1,0
BRDA:56,2,0,0
BRDA:56,2,1,0
BRDA:62,3,0,0
BRDA:62,3,1,0
BRDA:65,4,0,0
BRDA:65,4,1,0
BRDA:77,5,0,0
BRDA:77,5,1,0
BRDA:78,6,0,0
BRDA:78,6,1,0
BRDA:83,7,0,0
BRDA:83,7,1,0
BRDA:90,8,0,0
BRDA:90,8,1,0
BRDA:93,9,0,0
BRDA:93,9,1,0
BRDA:105,10,0,0
BRDA:105,10,1,0
BRDA:108,11,0,0
BRDA:108,11,1,0
BRDA:125,12,0,0
BRDA:125,12,1,0
BRDA:125,13,0,0
BRDA:125,13,1,0
BRF:28
BRH:0
end_of_record
TN:
SF:controllers\competicion_atleta.controller.js
FN:15,(anonymous_0)
FN:28,(anonymous_1)
FN:41,(anonymous_2)
FN:58,(anonymous_3)
FNF:4
FNH:0
FNDA:0,(anonymous_0)
FNDA:0,(anonymous_1)
FNDA:0,(anonymous_2)
FNDA:0,(anonymous_3)
DA:1,0
DA:2,0
DA:3,0
DA:9,0
DA:16,0
DA:17,0
DA:18,0
DA:20,0
DA:29,0
DA:30,0
DA:31,0
DA:33,0
DA:42,0
DA:43,0
DA:44,0
DA:45,0
DA:47,0
DA:48,0
DA:50,0
DA:59,0
DA:60,0
DA:61,0
DA:62,0
DA:63,0
DA:65,0
DA:70,0
LF:26
LH:0
BRDA:45,0,0,0
BRDA:45,0,1,0
BRDA:62,1,0,0
BRDA:62,1,1,0
BRF:4
BRH:0
end_of_record
TN:
SF:controllers\consultaController.js
FN:16,(anonymous_0)
FN:29,(anonymous_1)
FN:43,(anonymous_2)
FN:56,(anonymous_3)
FN:71,(anonymous_4)
FN:86,(anonymous_5)
FN:134,(anonymous_6)
FN:237,(anonymous_7)
FNF:8
FNH:0
FNDA:0,(anonymous_0)
FNDA:0,(anonymous_1)
FNDA:0,(anonymous_2)
FNDA:0,(anonymous_3)
FNDA:0,(anonymous_4)
FNDA:0,(anonymous_5)
FNDA:0,(anonymous_6)
FNDA:0,(anonymous_7)
DA:1,0
DA:2,0
DA:3,0
DA:4,0
DA:5,0
DA:16,0
DA:17,0
DA:18,0
DA:19,0
DA:21,0
DA:29,0
DA:30,0
DA:31,0
DA:32,0
DA:33,0
DA:35,0
DA:43,0
DA:44,0
DA:45,0
DA:46,0
DA:48,0
DA:56,0
DA:57,0
DA:58,0
DA:59,0
DA:60,0
DA:61,0
DA:63,0
DA:71,0
DA:72,0
DA:73,0
DA:74,0
DA:75,0
DA:76,0
DA:78,0
DA:86,0
DA:87,0
DA:88,0
DA:89,0
DA:91,0
DA:92,0
DA:94,0
DA:95,0
DA:97,0
DA:127,0
DA:128,0
DA:129,0
DA:132,0
DA:134,0
DA:135,0
DA:136,0
DA:137,0
DA:139,0
DA:140,0
DA:142,0
DA:143,0
DA:144,0
DA:145,0
DA:147,0
DA:148,0
DA:149,0
DA:150,0
DA:152,0
DA:154,0
DA:155,0
DA:157,0
DA:158,0
DA:159,0
DA:166,0
DA:167,0
DA:168,0
DA:169,0
DA:170,0
DA:172,0
DA:175,0
DA:177,0
DA:178,0
DA:179,0
DA:190,0
DA:197,0
DA:199,0
DA:200,0
DA:201,0
DA:208,0
DA:215,0
DA:217,0
DA:219,0
DA:220,0
DA:221,0
DA:223,0
DA:225,0
DA:232,0
DA:233,0
DA:237,0
DA:238,0
DA:239,0
DA:241,0
DA:242,0
DA:244,0
DA:245,0
DA:248,0
DA:249,0
DA:250,0
DA:251,0
DA:253,0
DA:254,0
DA:257,0
DA:265,0
DA:275,0
DA:276,0
DA:282,0
DA:284,0
DA:285,0
LF:113
LH:0
BRDA:32,0,0,0
BRDA:32,0,1,0
BRDA:59,1,0,0
BRDA:59,1,1,0
BRDA:74,2,0,0
BRDA:74,2,1,0
BRDA:89,3,0,0
BRDA:89,3,1,0
BRDA:91,4,0,0
BRDA:91,4,1,0
BRDA:92,5,0,0
BRDA:92,5,1,0
BRDA:94,6,0,0
BRDA:94,6,1,0
BRDA:94,6,2,0
BRDA:94,6,3,0
BRDA:95,7,0,0
BRDA:95,7,1,0
BRDA:95,7,2,0
BRDA:137,8,0,0
BRDA:137,8,1,0
BRDA:140,9,0,0
BRDA:140,9,1,0
BRDA:143,10,0,0
BRDA:143,10,1,0
BRDA:152,11,0,0
BRDA:152,11,1,0
BRDA:155,12,0,0
BRDA:155,12,1,0
BRDA:157,13,0,0
BRDA:157,13,1,0
BRDA:162,14,0,0
BRDA:162,14,1,0
BRDA:166,15,0,0
BRDA:166,15,1,0
BRDA:168,16,0,0
BRDA:168,16,1,0
BRDA:169,17,0,0
BRDA:169,17,1,0
BRDA:178,18,0,0
BRDA:178,18,1,0
BRDA:178,19,0,0
BRDA:178,19,1,0
BRDA:178,19,2,0
BRDA:178,19,3,0
BRDA:193,20,0,0
BRDA:193,20,1,0
BRDA:200,21,0,0
BRDA:200,21,1,0
BRDA:200,22,0,0
BRDA:200,22,1,0
BRDA:200,22,2,0
BRDA:211,23,0,0
BRDA:211,23,1,0
BRDA:220,24,0,0
BRDA:220,24,1,0
BRDA:241,25,0,0
BRDA:241,25,1,0
BRDA:241,26,0,0
BRDA:241,26,1,0
BRDA:241,26,2,0
BRDA:244,27,0,0
BRDA:244,27,1,0
BRDA:248,28,0,0
BRDA:248,28,1,0
BRDA:249,29,0,0
BRDA:249,29,1,0
BRDA:253,30,0,0
BRDA:253,30,1,0
BRDA:253,31,0,0
BRDA:253,31,1,0
BRDA:269,32,0,0
BRDA:269,32,1,0
BRDA:275,33,0,0
BRDA:275,33,1,0
BRDA:275,34,0,0
BRDA:275,34,1,0
BRDA:275,34,2,0
BRF:78
BRH:0
end_of_record
TN:
SF:controllers\disciplinaController.js
FN:14,(anonymous_0)
FN:27,(anonymous_1)
FN:41,(anonymous_2)
FN:54,(anonymous_3)
FN:69,(anonymous_4)
FNF:5
FNH:0
FNDA:0,(anonymous_0)
FNDA:0,(anonymous_1)
FNDA:0,(anonymous_2)
FNDA:0,(anonymous_3)
FNDA:0,(anonymous_4)
DA:1,0
DA:2,0
DA:3,0
DA:14,0
DA:15,0
DA:16,0
DA:17,0
DA:19,0
DA:27,0
DA:28,0
DA:29,0
DA:30,0
DA:31,0
DA:33,0
DA:41,0
DA:42,0
DA:43,0
DA:44,0
DA:46,0
DA:54,0
DA:55,0
DA:56,0
DA:57,0
DA:58,0
DA:59,0
DA:61,0
DA:69,0
DA:70,0
DA:71,0
DA:72,0
DA:73,0
DA:74,0
DA:76,0
LF:33
LH:0
BRDA:30,0,0,0
BRDA:30,0,1,0
BRDA:57,1,0,0
BRDA:57,1,1,0
BRDA:72,2,0,0
BRDA:72,2,1,0
BRF:6
BRH:0
end_of_record
TN:
SF:controllers\entrenador.controller.js
FN:16,(anonymous_0)
FN:34,(anonymous_1)
FN:57,(anonymous_2)
FN:109,(anonymous_3)
FN:120,(anonymous_4)
FN:172,(anonymous_5)
FN:183,(anonymous_6)
FNF:7
FNH:0
FNDA:0,(anonymous_0)
FNDA:0,(anonymous_1)
FNDA:0,(anonymous_2)
FNDA:0,(anonymous_3)
FNDA:0,(anonymous_4)
FNDA:0,(anonymous_5)
FNDA:0,(anonymous_6)
DA:1,0
DA:2,0
DA:3,0
DA:4,0
DA:10,0
DA:17,0
DA:18,0
DA:19,0
DA:23,0
DA:24,0
DA:26,0
DA:35,0
DA:36,0
DA:37,0
DA:38,0
DA:39,0
DA:41,0
DA:43,0
DA:44,0
DA:47,0
DA:49,0
DA:58,0
DA:59,0
DA:60,0
DA:61,0
DA:64,0
DA:65,0
DA:67,0
DA:68,0
DA:69,0
DA:70,0
DA:72,0
DA:74,0
DA:75,0
DA:76,0
DA:77,0
DA:78,0
DA:81,0
DA:104,0
DA:105,0
DA:108,0
DA:109,0
DA:111,0
DA:112,0
DA:121,0
DA:122,0
DA:123,0
DA:124,0
DA:125,0
DA:128,0
DA:130,0
DA:131,0
DA:134,0
DA:135,0
DA:136,0
DA:138,0
DA:140,0
DA:141,0
DA:142,0
DA:143,0
DA:144,0
DA:145,0
DA:146,0
DA:148,0
DA:149,0
DA:152,0
DA:153,0
DA:154,0
DA:155,0
DA:156,0
DA:157,0
DA:158,0
DA:159,0
DA:160,0
DA:161,0
DA:162,0
DA:163,0
DA:164,0
DA:165,0
DA:168,0
DA:169,0
DA:171,0
DA:172,0
DA:174,0
DA:175,0
DA:184,0
DA:185,0
DA:186,0
DA:187,0
DA:189,0
DA:190,0
DA:193,0
DA:195,0
DA:200,0
LF:94
LH:0
BRDA:37,0,0,0
BRDA:37,0,1,0
BRDA:38,1,0,0
BRDA:38,1,1,0
BRDA:38,2,0,0
BRDA:38,2,1,0
BRDA:43,3,0,0
BRDA:43,3,1,0
BRDA:59,4,0,0
BRDA:59,4,1,0
BRDA:60,5,0,0
BRDA:60,5,1,0
BRDA:60,6,0,0
BRDA:60,6,1,0
BRDA:64,7,0,0
BRDA:64,7,1,0
BRDA:65,8,0,0
BRDA:65,8,1,0
BRDA:67,9,0,0
BRDA:67,9,1,0
BRDA:67,10,0,0
BRDA:67,10,1,0
BRDA:72,11,0,0
BRDA:72,11,1,0
BRDA:75,12,0,0
BRDA:75,12,1,0
BRDA:78,13,0,0
BRDA:78,13,1,0
BRDA:82,14,0,0
BRDA:82,14,1,0
BRDA:86,15,0,0
BRDA:86,15,1,0
BRDA:87,16,0,0
BRDA:87,16,1,0
BRDA:87,16,2,0
BRDA:88,17,0,0
BRDA:88,17,1,0
BRDA:89,18,0,0
BRDA:89,18,1,0
BRDA:90,19,0,0
BRDA:90,19,1,0
BRDA:90,19,2,0
BRDA:91,20,0,0
BRDA:91,20,1,0
BRDA:92,21,0,0
BRDA:92,21,1,0
BRDA:93,22,0,0
BRDA:93,22,1,0
BRDA:93,22,2,0
BRDA:94,23,0,0
BRDA:94,23,1,0
BRDA:94,23,2,0
BRDA:95,24,0,0
BRDA:95,24,1,0
BRDA:95,24,2,0
BRDA:96,25,0,0
BRDA:96,25,1,0
BRDA:97,26,0,0
BRDA:97,26,1,0
BRDA:97,26,2,0
BRDA:99,27,0,0
BRDA:99,27,1,0
BRDA:99,27,2,0
BRDA:100,28,0,0
BRDA:100,28,1,0
BRDA:101,29,0,0
BRDA:101,29,1,0
BRDA:108,30,0,0
BRDA:108,30,1,0
BRDA:108,31,0,0
BRDA:108,31,1,0
BRDA:111,32,0,0
BRDA:111,32,1,0
BRDA:123,33,0,0
BRDA:123,33,1,0
BRDA:124,34,0,0
BRDA:124,34,1,0
BRDA:124,35,0,0
BRDA:124,35,1,0
BRDA:130,36,0,0
BRDA:130,36,1,0
BRDA:135,37,0,0
BRDA:135,37,1,0
BRDA:135,38,0,0
BRDA:135,38,1,0
BRDA:140,39,0,0
BRDA:140,39,1,0
BRDA:142,40,0,0
BRDA:142,40,1,0
BRDA:143,41,0,0
BRDA:143,41,1,0
BRDA:143,42,0,0
BRDA:143,42,1,0
BRDA:149,43,0,0
BRDA:149,43,1,0
BRDA:152,44,0,0
BRDA:152,44,1,0
BRDA:152,45,0,0
BRDA:152,45,1,0
BRDA:152,46,0,0
BRDA:152,46,1,0
BRDA:153,47,0,0
BRDA:153,47,1,0
BRDA:154,48,0,0
BRDA:154,48,1,0
BRDA:155,49,0,0
BRDA:155,49,1,0
BRDA:155,50,0,0
BRDA:155,50,1,0
BRDA:155,51,0,0
BRDA:155,51,1,0
BRDA:156,52,0,0
BRDA:156,52,1,0
BRDA:157,53,0,0
BRDA:157,53,1,0
BRDA:158,54,0,0
BRDA:158,54,1,0
BRDA:159,55,0,0
BRDA:159,55,1,0
BRDA:159,56,0,0
BRDA:159,56,1,0
BRDA:159,57,0,0
BRDA:159,57,1,0
BRDA:160,58,0,0
BRDA:160,58,1,0
BRDA:161,59,0,0
BRDA:161,59,1,0
BRDA:161,60,0,0
BRDA:161,60,1,0
BRDA:161,61,0,0
BRDA:161,61,1,0
BRDA:162,62,0,0
BRDA:162,62,1,0
BRDA:162,63,0,0
BRDA:162,63,1,0
BRDA:163,64,0,0
BRDA:163,64,1,0
BRDA:163,65,0,0
BRDA:163,65,1,0
BRDA:163,66,0,0
BRDA:163,66,1,0
BRDA:164,67,0,0
BRDA:164,67,1,0
BRDA:165,68,0,0
BRDA:165,68,1,0
BRDA:165,69,0,0
BRDA:165,69,1,0
BRDA:165,70,0,0
BRDA:165,70,1,0
BRDA:171,71,0,0
BRDA:171,71,1,0
BRDA:174,72,0,0
BRDA:174,72,1,0
BRDA:186,73,0,0
BRDA:186,73,1,0
BRDA:189,74,0,0
BRDA:189,74,1,0
BRF:157
BRH:0
end_of_record
TN:
SF:controllers\inscripcionController.js
FN:13,(anonymous_0)
FN:24,(anonymous_1)
FN:36,(anonymous_2)
FN:47,(anonymous_3)
FN:60,(anonymous_4)
FNF:5
FNH:0
FNDA:0,(anonymous_0)
FNDA:0,(anonymous_1)
FNDA:0,(anonymous_2)
FNDA:0,(anonymous_3)
FNDA:0,(anonymous_4)
DA:1,0
DA:2,0
DA:13,0
DA:14,0
DA:15,0
DA:16,0
DA:17,0
DA:24,0
DA:25,0
DA:26,0
DA:27,0
DA:28,0
DA:29,0
DA:36,0
DA:37,0
DA:38,0
DA:39,0
DA:40,0
DA:47,0
DA:48,0
DA:49,0
DA:50,0
DA:51,0
DA:52,0
DA:53,0
DA:60,0
DA:61,0
DA:62,0
DA:63,0
DA:64,0
DA:65,0
DA:66,0
LF:32
LH:0
BRDA:27,0,0,0
BRDA:27,0,1,0
BRDA:50,1,0,0
BRDA:50,1,1,0
BRDA:63,2,0,0
BRDA:63,2,1,0
BRF:6
BRH:0
end_of_record
TN:
SF:controllers\nivelHabilidadController.js
FN:14,(anonymous_0)
FN:27,(anonymous_1)
FN:41,(anonymous_2)
FN:54,(anonymous_3)
FN:69,(anonymous_4)
FNF:5
FNH:0
FNDA:0,(anonymous_0)
FNDA:0,(anonymous_1)
FNDA:0,(anonymous_2)
FNDA:0,(anonymous_3)
FNDA:0,(anonymous_4)
DA:1,0
DA:2,0
DA:3,0
DA:14,0
DA:15,0
DA:16,0
DA:17,0
DA:19,0
DA:27,0
DA:28,0
DA:29,0
DA:30,0
DA:31,0
DA:33,0
DA:41,0
DA:42,0
DA:43,0
DA:44,0
DA:46,0
DA:54,0
DA:55,0
DA:56,0
DA:57,0
DA:58,0
DA:59,0
DA:61,0
DA:69,0
DA:70,0
DA:71,0
DA:72,0
DA:73,0
DA:74,0
DA:76,0
LF:33
LH:0
BRDA:30,0,0,0
BRDA:30,0,1,0
BRDA:57,1,0,0
BRDA:57,1,1,0
BRDA:72,2,0,0
BRDA:72,2,1,0
BRF:6
BRH:0
end_of_record
TN:
SF:controllers\programaController.js
FN:14,(anonymous_0)
FN:27,(anonymous_1)
FN:41,(anonymous_2)
FN:54,(anonymous_3)
FN:69,(anonymous_4)
FNF:5
FNH:0
FNDA:0,(anonymous_0)
FNDA:0,(anonymous_1)
FNDA:0,(anonymous_2)
FNDA:0,(anonymous_3)
FNDA:0,(anonymous_4)
DA:1,0
DA:2,0
DA:3,0
DA:14,0
DA:15,0
DA:16,0
DA:17,0
DA:19,0
DA:27,0
DA:28,0
DA:29,0
DA:30,0
DA:31,0
DA:33,0
DA:41,0
DA:42,0
DA:43,0
DA:44,0
DA:46,0
DA:54,0
DA:55,0
DA:56,0
DA:57,0
DA:58,0
DA:59,0
DA:61,0
DA:69,0
DA:70,0
DA:71,0
DA:72,0
DA:73,0
DA:74,0
DA:76,0
LF:33
LH:0
BRDA:30,0,0,0
BRDA:30,0,1,0
BRDA:57,1,0,0
BRDA:57,1,1,0
BRDA:72,2,0,0
BRDA:72,2,1,0
BRF:6
BRH:0
end_of_record
TN:
SF:controllers\rolesController.js
FN:14,(anonymous_0)
FN:30,(anonymous_1)
FN:57,(anonymous_2)
FN:87,(anonymous_3)
FNF:4
FNH:0
FNDA:0,(anonymous_0)
FNDA:0,(anonymous_1)
FNDA:0,(anonymous_2)
FNDA:0,(anonymous_3)
DA:1,0
DA:2,0
DA:3,0
DA:14,0
DA:15,0
DA:17,0
DA:18,0
DA:21,0
DA:22,0
DA:30,0
DA:31,0
DA:32,0
DA:33,0
DA:34,0
DA:38,0
DA:39,0
DA:40,0
DA:44,0
DA:45,0
DA:48,0
DA:49,0
DA:57,0
DA:58,0
DA:59,0
DA:60,0
DA:62,0
DA:63,0
DA:66,0
DA:69,0
DA:70,0
DA:71,0
DA:75,0
DA:76,0
DA:78,0
DA:79,0
DA:87,0
DA:88,0
DA:89,0
DA:90,0
DA:93,0
DA:94,0
DA:95,0
DA:99,0
DA:100,0
DA:102,0
DA:103,0
DA:107,0
LF:47
LH:0
BRDA:33,0,0,0
BRDA:33,0,1,0
BRDA:39,1,0,0
BRDA:39,1,1,0
BRDA:60,2,0,0
BRDA:60,2,1,0
BRDA:62,3,0,0
BRDA:62,3,1,0
BRDA:70,4,0,0
BRDA:70,4,1,0
BRDA:90,5,0,0
BRDA:90,5,1,0
BRDA:94,6,0,0
BRDA:94,6,1,0
BRF:14
BRH:0
end_of_record
TN:
SF:controllers\settingsController.js
FN:21,rowsToObject
FN:22,(anonymous_1)
FN:36,(anonymous_2)
FN:54,(anonymous_3)
FNF:4
FNH:0
FNDA:0,rowsToObject
FNDA:0,(anonymous_1)
FNDA:0,(anonymous_2)
FNDA:0,(anonymous_3)
DA:11,0
DA:12,0
DA:13,0
DA:22,0
DA:23,0
DA:24,0
DA:26,0
DA:28,0
DA:36,0
DA:37,0
DA:38,0
DA:43,0
DA:45,0
DA:46,0
DA:54,0
DA:55,0
DA:56,0
DA:57,0
DA:59,0
DA:60,0
DA:62,0
DA:71,0
DA:72,0
DA:75,0
DA:78,0
DA:83,0
DA:85,0
DA:86,0
DA:90,0
LF:29
LH:0
BRDA:60,0,0,0
BRDA:60,0,1,0
BRDA:71,1,0,0
BRDA:71,1,1,0
BRF:4
BRH:0
end_of_record
TN:
SF:controllers\statsController.js
FN:14,(anonymous_0)
FN:43,(anonymous_1)
FNF:2
FNH:0
FNDA:0,(anonymous_0)
FNDA:0,(anonymous_1)
DA:1,0
DA:2,0
DA:3,0
DA:14,0
DA:15,0
DA:16,0
DA:25,0
DA:34,0
DA:35,0
DA:43,0
DA:44,0
DA:45,0
DA:60,0
DA:64,0
LF:14
LH:0
BRDA:20,0,0,0
BRDA:20,0,1,0
BRF:2
BRH:0
end_of_record
TN:
SF:controllers\tutorController.js
FN:14,(anonymous_0)
FN:29,(anonymous_1)
FN:47,(anonymous_2)
FN:90,(anonymous_3)
FN:137,(anonymous_4)
FNF:5
FNH:0
FNDA:0,(anonymous_0)
FNDA:0,(anonymous_1)
FNDA:0,(anonymous_2)
FNDA:0,(anonymous_3)
FNDA:0,(anonymous_4)
DA:1,0
DA:2,0
DA:3,0
DA:14,0
DA:15,0
DA:16,0
DA:17,0
DA:18,0
DA:19,0
DA:21,0
DA:29,0
DA:30,0
DA:31,0
DA:32,0
DA:33,0
DA:35,0
DA:36,0
DA:37,0
DA:39,0
DA:47,0
DA:48,0
DA:49,0
DA:51,0
DA:52,0
DA:54,0
DA:55,0
DA:56,0
DA:57,0
DA:59,0
DA:61,0
DA:78,0
DA:79,0
DA:81,0
DA:82,0
DA:90,0
DA:91,0
DA:92,0
DA:93,0
DA:94,0
DA:97,0
DA:98,0
DA:100,0
DA:101,0
DA:103,0
DA:104,0
DA:105,0
DA:106,0
DA:107,0
DA:108,0
DA:109,0
DA:111,0
DA:112,0
DA:115,0
DA:116,0
DA:117,0
DA:118,0
DA:119,0
DA:120,0
DA:121,0
DA:122,0
DA:123,0
DA:124,0
DA:126,0
DA:127,0
DA:129,0
DA:137,0
DA:138,0
DA:139,0
DA:140,0
DA:141,0
DA:142,0
DA:144,0
LF:72
LH:0
BRDA:32,0,0,0
BRDA:32,0,1,0
BRDA:32,1,0,0
BRDA:32,1,1,0
BRDA:36,2,0,0
BRDA:36,2,1,0
BRDA:49,3,0,0
BRDA:49,3,1,0
BRDA:51,4,0,0
BRDA:51,4,1,0
BRDA:52,5,0,0
BRDA:52,5,1,0
BRDA:54,6,0,0
BRDA:54,6,1,0
BRDA:54,7,0,0
BRDA:54,7,1,0
BRDA:59,8,0,0
BRDA:59,8,1,0
BRDA:62,9,0,0
BRDA:62,9,1,0
BRDA:65,10,0,0
BRDA:65,10,1,0
BRDA:66,11,0,0
BRDA:66,11,1,0
BRDA:67,12,0,0
BRDA:67,12,1,0
BRDA:67,12,2,0
BRDA:68,13,0,0
BRDA:68,13,1,0
BRDA:69,14,0,0
BRDA:69,14,1,0
BRDA:70,15,0,0
BRDA:70,15,1,0
BRDA:71,16,0,0
BRDA:71,16,1,0
BRDA:72,17,0,0
BRDA:72,17,1,0
BRDA:73,18,0,0
BRDA:73,18,1,0
BRDA:75,19,0,0
BRDA:75,19,1,0
BRDA:93,20,0,0
BRDA:93,20,1,0
BRDA:93,21,0,0
BRDA:93,21,1,0
BRDA:98,22,0,0
BRDA:98,22,1,0
BRDA:103,23,0,0
BRDA:103,23,1,0
BRDA:105,24,0,0
BRDA:105,24,1,0
BRDA:106,25,0,0
BRDA:106,25,1,0
BRDA:106,26,0,0
BRDA:106,26,1,0
BRDA:112,27,0,0
BRDA:112,27,1,0
BRDA:115,28,0,0
BRDA:115,28,1,0
BRDA:116,29,0,0
BRDA:116,29,1,0
BRDA:117,30,0,0
BRDA:117,30,1,0
BRDA:117,31,0,0
BRDA:117,31,1,0
BRDA:117,32,0,0
BRDA:117,32,1,0
BRDA:118,33,0,0
BRDA:118,33,1,0
BRDA:119,34,0,0
BRDA:119,34,1,0
BRDA:120,35,0,0
BRDA:120,35,1,0
BRDA:120,36,0,0
BRDA:120,36,1,0
BRDA:120,37,0,0
BRDA:120,37,1,0
BRDA:121,38,0,0
BRDA:121,38,1,0
BRDA:121,39,0,0
BRDA:121,39,1,0
BRDA:121,40,0,0
BRDA:121,40,1,0
BRDA:122,41,0,0
BRDA:122,41,1,0
BRDA:123,42,0,0
BRDA:123,42,1,0
BRDA:124,43,0,0
BRDA:124,43,1,0
BRDA:124,44,0,0
BRDA:124,44,1,0
BRDA:140,45,0,0
BRDA:140,45,1,0
BRF:93
BRH:0
end_of_record
TN:
SF:controllers\usuarioController.js
FN:15,(anonymous_0)
FN:35,(anonymous_1)
FN:63,(anonymous_2)
FN:81,(anonymous_3)
FN:133,(anonymous_4)
FNF:5
FNH:0
FNDA:0,(anonymous_0)
FNDA:0,(anonymous_1)
FNDA:0,(anonymous_2)
FNDA:0,(anonymous_3)
FNDA:0,(anonymous_4)
DA:1,0
DA:2,0
DA:3,0
DA:4,0
DA:10,0
DA:16,0
DA:17,0
DA:18,0
DA:24,0
DA:25,0
DA:27,0
DA:36,0
DA:37,0
DA:38,0
DA:39,0
DA:41,0
DA:43,0
DA:45,0
DA:51,0
DA:53,0
DA:55,0
DA:64,0
DA:65,0
DA:66,0
DA:67,0
DA:70,0
DA:71,0
DA:73,0
DA:82,0
DA:83,0
DA:84,0
DA:86,0
DA:87,0
DA:90,0
DA:91,0
DA:93,0
DA:94,0
DA:97,0
DA:98,0
DA:99,0
DA:100,0
DA:101,0
DA:102,0
DA:103,0
DA:104,0
DA:105,0
DA:106,0
DA:107,0
DA:108,0
DA:109,0
DA:110,0
DA:112,0
DA:113,0
DA:114,0
DA:115,0
DA:117,0
DA:118,0
DA:119,0
DA:122,0
DA:123,0
DA:125,0
DA:134,0
DA:135,0
DA:136,0
DA:138,0
DA:139,0
DA:140,0
DA:142,0
DA:147,0
LF:69
LH:0
BRDA:38,0,0,0
BRDA:38,0,1,0
BRDA:66,1,0,0
BRDA:66,1,1,0
BRDA:70,2,0,0
BRDA:70,2,1,0
BRDA:84,3,0,0
BRDA:84,3,1,0
BRDA:86,4,0,0
BRDA:86,4,1,0
BRDA:91,5,0,0
BRDA:91,5,1,0
BRDA:97,6,0,0
BRDA:97,6,1,0
BRDA:98,7,0,0
BRDA:98,7,1,0
BRDA:99,8,0,0
BRDA:99,8,1,0
BRDA:100,9,0,0
BRDA:100,9,1,0
BRDA:100,10,0,0
BRDA:100,10,1,0
BRDA:100,11,0,0
BRDA:100,11,1,0
BRDA:101,12,0,0
BRDA:101,12,1,0
BRDA:102,13,0,0
BRDA:102,13,1,0
BRDA:103,14,0,0
BRDA:103,14,1,0
BRDA:104,15,0,0
BRDA:104,15,1,0
BRDA:104,16,0,0
BRDA:104,16,1,0
BRDA:104,17,0,0
BRDA:104,17,1,0
BRDA:105,18,0,0
BRDA:105,18,1,0
BRDA:106,19,0,0
BRDA:106,19,1,0
BRDA:106,20,0,0
BRDA:106,20,1,0
BRDA:106,21,0,0
BRDA:106,21,1,0
BRDA:107,22,0,0
BRDA:107,22,1,0
BRDA:108,23,0,0
BRDA:108,23,1,0
BRDA:110,24,0,0
BRDA:110,24,1,0
BRDA:112,25,0,0
BRDA:112,25,1,0
BRDA:113,26,0,0
BRDA:113,26,1,0
BRDA:114,27,0,0
BRDA:114,27,1,0
BRDA:115,28,0,0
BRDA:115,28,1,0
BRDA:115,29,0,0
BRDA:115,29,1,0
BRDA:115,30,0,0
BRDA:115,30,1,0
BRDA:117,31,0,0
BRDA:117,31,1,0
BRDA:117,32,0,0
BRDA:117,32,1,0
BRDA:136,33,0,0
BRDA:136,33,1,0
BRDA:139,34,0,0
BRDA:139,34,1,0
BRF:70
BRH:0
end_of_record
TN:
SF:controllers\voluntario.controller.js
FN:16,(anonymous_0)
FN:36,(anonymous_1)
FN:62,(anonymous_2)
FN:103,(anonymous_3)
FN:112,(anonymous_4)
FN:123,(anonymous_5)
FN:171,(anonymous_6)
FN:182,(anonymous_7)
FN:202,(anonymous_8)
FN:224,(anonymous_9)
FNF:10
FNH:0
FNDA:0,(anonymous_0)
FNDA:0,(anonymous_1)
FNDA:0,(anonymous_2)
FNDA:0,(anonymous_3)
FNDA:0,(anonymous_4)
FNDA:0,(anonymous_5)
FNDA:0,(anonymous_6)
FNDA:0,(anonymous_7)
FNDA:0,(anonymous_8)
FNDA:0,(anonymous_9)
DA:1,0
DA:2,0
DA:3,0
DA:4,0
DA:10,0
DA:17,0
DA:18,0
DA:19,0
DA:25,0
DA:26,0
DA:28,0
DA:37,0
DA:38,0
DA:39,0
DA:40,0
DA:41,0
DA:44,0
DA:48,0
DA:49,0
DA:52,0
DA:54,0
DA:63,0
DA:64,0
DA:65,0
DA:66,0
DA:69,0
DA:70,0
DA:72,0
DA:73,0
DA:74,0
DA:75,0
DA:77,0
DA:79,0
DA:98,0
DA:101,0
DA:102,0
DA:103,0
DA:104,0
DA:106,0
DA:109,0
DA:111,0
DA:112,0
DA:114,0
DA:115,0
DA:124,0
DA:125,0
DA:126,0
DA:127,0
DA:128,0
DA:131,0
DA:133,0
DA:134,0
DA:137,0
DA:138,0
DA:139,0
DA:141,0
DA:143,0
DA:144,0
DA:145,0
DA:146,0
DA:147,0
DA:148,0
DA:149,0
DA:151,0
DA:152,0
DA:155,0
DA:156,0
DA:157,0
DA:158,0
DA:159,0
DA:160,0
DA:161,0
DA:162,0
DA:163,0
DA:164,0
DA:165,0
DA:167,0
DA:168,0
DA:170,0
DA:171,0
DA:173,0
DA:174,0
DA:183,0
DA:184,0
DA:185,0
DA:186,0
DA:188,0
DA:189,0
DA:192,0
DA:194,0
DA:203,0
DA:204,0
DA:205,0
DA:206,0
DA:207,0
DA:209,0
DA:214,0
DA:216,0
DA:225,0
DA:226,0
DA:227,0
DA:228,0
DA:229,0
DA:231,0
DA:232,0
DA:234,0
DA:239,0
LF:107
LH:0
BRDA:39,0,0,0
BRDA:39,0,1,0
BRDA:40,1,0,0
BRDA:40,1,1,0
BRDA:40,2,0,0
BRDA:40,2,1,0
BRDA:48,3,0,0
BRDA:48,3,1,0
BRDA:64,4,0,0
BRDA:64,4,1,0
BRDA:65,5,0,0
BRDA:65,5,1,0
BRDA:65,6,0,0
BRDA:65,6,1,0
BRDA:69,7,0,0
BRDA:69,7,1,0
BRDA:70,8,0,0
BRDA:70,8,1,0
BRDA:72,9,0,0
BRDA:72,9,1,0
BRDA:72,10,0,0
BRDA:72,10,1,0
BRDA:77,11,0,0
BRDA:77,11,1,0
BRDA:80,12,0,0
BRDA:80,12,1,0
BRDA:83,13,0,0
BRDA:83,13,1,0
BRDA:84,14,0,0
BRDA:84,14,1,0
BRDA:84,14,2,0
BRDA:85,15,0,0
BRDA:85,15,1,0
BRDA:86,16,0,0
BRDA:86,16,1,0
BRDA:87,17,0,0
BRDA:87,17,1,0
BRDA:87,17,2,0
BRDA:88,18,0,0
BRDA:88,18,1,0
BRDA:89,19,0,0
BRDA:89,19,1,0
BRDA:90,20,0,0
BRDA:90,20,1,0
BRDA:90,20,2,0
BRDA:91,21,0,0
BRDA:91,21,1,0
BRDA:92,22,0,0
BRDA:92,22,1,0
BRDA:92,22,2,0
BRDA:93,23,0,0
BRDA:93,23,1,0
BRDA:94,24,0,0
BRDA:94,24,1,0
BRDA:101,25,0,0
BRDA:101,25,1,0
BRDA:101,25,2,0
BRDA:102,26,0,0
BRDA:102,26,1,0
BRDA:102,27,0,0
BRDA:102,27,1,0
BRDA:111,28,0,0
BRDA:111,28,1,0
BRDA:114,29,0,0
BRDA:114,29,1,0
BRDA:126,30,0,0
BRDA:126,30,1,0
BRDA:127,31,0,0
BRDA:127,31,1,0
BRDA:127,32,0,0
BRDA:127,32,1,0
BRDA:133,33,0,0
BRDA:133,33,1,0
BRDA:138,34,0,0
BRDA:138,34,1,0
BRDA:138,35,0,0
BRDA:138,35,1,0
BRDA:143,36,0,0
BRDA:143,36,1,0
BRDA:145,37,0,0
BRDA:145,37,1,0
BRDA:146,38,0,0
BRDA:146,38,1,0
BRDA:146,39,0,0
BRDA:146,39,1,0
BRDA:152,40,0,0
BRDA:152,40,1,0
BRDA:155,41,0,0
BRDA:155,41,1,0
BRDA:155,42,0,0
BRDA:155,42,1,0
BRDA:155,43,0,0
BRDA:155,43,1,0
BRDA:156,44,0,0
BRDA:156,44,1,0
BRDA:157,45,0,0
BRDA:157,45,1,0
BRDA:158,46,0,0
BRDA:158,46,1,0
BRDA:158,47,0,0
BRDA:158,47,1,0
BRDA:158,48,0,0
BRDA:158,48,1,0
BRDA:159,49,0,0
BRDA:159,49,1,0
BRDA:160,50,0,0
BRDA:160,50,1,0
BRDA:161,51,0,0
BRDA:161,51,1,0
BRDA:162,52,0,0
BRDA:162,52,1,0
BRDA:163,53,0,0
BRDA:163,53,1,0
BRDA:163,54,0,0
BRDA:163,54,1,0
BRDA:163,55,0,0
BRDA:163,55,1,0
BRDA:164,56,0,0
BRDA:164,56,1,0
BRDA:165,57,0,0
BRDA:165,57,1,0
BRDA:165,58,0,0
BRDA:165,58,1,0
BRDA:165,59,0,0
BRDA:165,59,1,0
BRDA:170,60,0,0
BRDA:170,60,1,0
BRDA:173,61,0,0
BRDA:173,61,1,0
BRDA:185,62,0,0
BRDA:185,62,1,0
BRDA:188,63,0,0
BRDA:188,63,1,0
BRDA:205,64,0,0
BRDA:205,64,1,0
BRDA:207,65,0,0
BRDA:207,65,1,0
BRDA:227,66,0,0
BRDA:227,66,1,0
BRDA:229,67,0,0
BRDA:229,67,1,0
BRF:141
BRH:0
end_of_record
TN:
SF:controllers\voluntario_area.controller.js
FN:15,(anonymous_0)
FN:28,(anonymous_1)
FN:41,(anonymous_2)
FNF:3
FNH:0
FNDA:0,(anonymous_0)
FNDA:0,(anonymous_1)
FNDA:0,(anonymous_2)
DA:1,0
DA:2,0
DA:3,0
DA:9,0
DA:16,0
DA:17,0
DA:18,0
DA:20,0
DA:29,0
DA:30,0
DA:31,0
DA:33,0
DA:42,0
DA:43,0
DA:44,0
DA:45,0
DA:46,0
DA:48,0
DA:53,0
LF:19
LH:0
BRDA:45,0,0,0
BRDA:45,0,1,0
BRF:2
BRH:0
end_of_record
TN:
SF:helpers\IAHelper.js
FN:9,(anonymous_0)
FN:28,(anonymous_1)
FN:33,(anonymous_2)
FN:35,(anonymous_3)
FN:36,(anonymous_4)
FNF:5
FNH:5
FNDA:6,(anonymous_0)
FNDA:4,(anonymous_1)
FNDA:1,(anonymous_2)
FNDA:2,(anonymous_3)
FNDA:1,(anonymous_4)
DA:4,1
DA:10,6
DA:11,3
DA:15,3
DA:18,3
DA:19,1
DA:22,3
DA:29,4
DA:31,3
DA:33,1
DA:35,2
DA:36,1
DA:41,1
LF:13
LH:13
BRDA:10,0,0,3
BRDA:10,0,1,3
BRDA:10,1,0,6
BRDA:10,1,1,4
BRDA:18,2,0,1
BRDA:18,2,1,2
BRDA:28,3,0,2
BRDA:29,4,0,1
BRDA:29,4,1,3
BRDA:33,5,0,3
BRDA:33,5,1,2
BRDA:35,6,0,3
BRDA:35,6,1,1
BRDA:35,7,0,2
BRDA:35,7,1,1
BRDA:35,8,0,2
BRDA:35,8,1,1
BRDA:36,9,0,3
BRDA:36,9,1,2
BRF:19
BRH:19
end_of_record
TN:
SF:helpers\emailHelper.js
FN:8,(anonymous_0)
FNF:1
FNH:0
FNDA:0,(anonymous_0)
DA:1,0
DA:8,0
DA:9,0
DA:10,0
DA:12,0
DA:45,0
DA:47,0
DA:48,0
DA:49,0
DA:59,0
DA:60,0
DA:61,0
DA:63,0
DA:68,0
DA:69,0
DA:70,0
DA:71,0
DA:72,0
DA:73,0
DA:74,0
DA:77,0
LF:21
LH:0
BRDA:9,0,0,0
BRDA:9,0,1,0
BRDA:13,1,0,0
BRDA:13,1,1,0
BRDA:45,2,0,0
BRDA:45,2,1,0
BRDA:45,2,2,0
BRDA:47,3,0,0
BRDA:47,3,1,0
BRDA:51,4,0,0
BRDA:51,4,1,0
BRF:11
BRH:0
end_of_record
TN:
SF:middlewares\authMiddleware.js
FN:13,(anonymous_0)
FNF:1
FNH:1
FNDA:7,(anonymous_0)
DA:1,2
DA:2,2
DA:5,2
DA:6,0
DA:10,2
DA:13,2
DA:14,7
DA:16,7
DA:18,7
DA:19,2
DA:23,5
DA:26,3
DA:27,3
DA:29,2
DA:30,1
DA:32,1
DA:36,2
LF:17
LH:16
BRDA:5,0,0,0
BRDA:5,0,1,2
BRDA:16,1,0,7
BRDA:16,1,1,3
BRDA:16,1,2,1
BRDA:18,2,0,2
BRDA:18,2,1,5
BRDA:29,3,0,1
BRDA:29,3,1,1
BRF:9
BRH:8
end_of_record
TN:
SF:middlewares\errorHandler.js
FN:3,(anonymous_0)
FN:8,(anonymous_1)
FNF:2
FNH:2
FNDA:6,(anonymous_0)
FNDA:2,(anonymous_1)
DA:1,1
DA:3,1
DA:4,6
DA:7,6
DA:8,2
DA:11,5
DA:12,1
DA:13,1
DA:16,4
DA:17,1
DA:20,3
DA:21,1
DA:24,2
DA:25,2
DA:26,2
DA:29,1
LF:16
LH:16
BRDA:7,0,0,1
BRDA:7,0,1,5
BRDA:11,1,0,1
BRDA:11,1,1,4
BRDA:12,2,0,1
BRDA:12,2,1,0
BRDA:16,3,0,1
BRDA:16,3,1,3
BRDA:20,4,0,1
BRDA:20,4,1,2
BRDA:24,5,0,2
BRDA:24,5,1,1
BRDA:25,6,0,2
BRDA:25,6,1,1
BRDA:26,7,0,2
BRDA:26,7,1,1
BRF:16
BRH:15
end_of_record
TN:
SF:middlewares\manejoArchivos.js
FN:13,(anonymous_0)
FN:53,(anonymous_1)
FNF:2
FNH:0
FNDA:0,(anonymous_0)
FNDA:0,(anonymous_1)
DA:6,0
DA:10,0
DA:13,0
DA:14,0
DA:22,0
DA:24,0
DA:27,0
DA:32,0
DA:40,0
DA:42,0
DA:51,0
DA:53,0
DA:54,0
DA:55,0
DA:56,0
DA:58,0
DA:60,0
DA:61,0
DA:63,0
DA:66,0
LF:20
LH:0
BRDA:22,0,0,0
BRDA:22,0,1,0
BRDA:54,1,0,0
BRDA:54,1,1,0
BRDA:55,2,0,0
BRDA:55,2,1,0
BRDA:60,3,0,0
BRDA:60,3,1,0
BRF:8
BRH:0
end_of_record
TN:
SF:middlewares\roleMiddleware.js
FN:7,(anonymous_0)
FN:8,(anonymous_1)
FNF:2
FNH:2
FNDA:4,(anonymous_0)
FNDA:4,(anonymous_1)
DA:1,1
DA:7,1
DA:8,4
DA:9,4
DA:10,1
DA:13,3
DA:17,3
DA:18,1
DA:21,2
DA:25,1
LF:10
LH:10
BRDA:9,0,0,1
BRDA:9,0,1,3
BRDA:17,1,0,1
BRDA:17,1,1,2
BRF:4
BRH:4
end_of_record
TN:
SF:middlewares\validationMiddleware.js
FN:8,(anonymous_0)
FN:17,(anonymous_1)
FNF:2
FNH:2
FNDA:13,(anonymous_0)
FNDA:13,(anonymous_1)
DA:1,2
DA:2,2
DA:8,2
DA:9,13
DA:11,13
DA:12,8
DA:16,5
DA:17,13
DA:19,5
DA:22,2
LF:10
LH:10
BRDA:11,0,0,8
BRDA:11,0,1,5
BRF:2
BRH:2
end_of_record
TN:
SF:services\IAService.js
FN:24,(anonymous_0)
FN:55,(anonymous_1)
FN:99,(anonymous_2)
FN:148,(anonymous_3)
FNF:4
FNH:0
FNDA:0,(anonymous_0)
FNDA:0,(anonymous_1)
FNDA:0,(anonymous_2)
FNDA:0,(anonymous_3)
DA:5,0
DA:7,0
DA:8,0
DA:9,0
DA:10,0
DA:12,0
DA:15,0
DA:18,0
DA:25,0
DA:26,0
DA:27,0
DA:34,0
DA:43,0
DA:45,0
DA:46,0
DA:56,0
DA:58,0
DA:80,0
DA:91,0
DA:100,0
DA:102,0
DA:140,0
DA:149,0
DA:151,0
DA:188,0
DA:192,0
LF:26
LH:0
BRDA:9,0,0,0
BRDA:9,0,1,0
BRDA:26,1,0,0
BRDA:26,1,1,0
BRDA:56,2,0,0
BRDA:56,2,1,0
BRDA:64,3,0,0
BRDA:64,3,1,0
BRDA:100,4,0,0
BRDA:100,4,1,0
BRDA:149,5,0,0
BRDA:149,5,1,0
BRF:12
BRH:0
end_of_record
TN:
SF:services\documentoService.js
FN:36,sanitizePublicPending
FN:48,sanitizePublicAtleta
FN:65,writeEncryptedFile
FN:76,savePendingDocument
FN:102,normalizeCategoria
FN:114,saveAtletaDocument
FN:141,listPendingDocuments
FN:149,getPendingDocumentForDownload
FN:155,getAtletaDocumentForDownload
FN:161,resolveDownloadMeta
FN:173,deletePendingByRegistro
FN:187,deleteAtletaDocument
FN:195,deleteFileIfExists
FN:204,migratePendingToAtleta
FN:258,savePendingFilesFromRequest
FNF:15
FNH:0
FNDA:0,sanitizePublicPending
FNDA:0,sanitizePublicAtleta
FNDA:0,writeEncryptedFile
FNDA:0,savePendingDocument
FNDA:0,normalizeCategoria
FNDA:0,saveAtletaDocument
FNDA:0,listPendingDocuments
FNDA:0,getPendingDocumentForDownload
FNDA:0,getAtletaDocumentForDownload
FNDA:0,resolveDownloadMeta
FNDA:0,deletePendingByRegistro
FNDA:0,deleteAtletaDocument
FNDA:0,deleteFileIfExists
FNDA:0,migratePendingToAtleta
FNDA:0,savePendingFilesFromRequest
DA:1,0
DA:2,0
DA:9,0
DA:10,0
DA:12,0
DA:14,0
DA:27,0
DA:37,0
DA:38,0
DA:49,0
DA:50,0
DA:66,0
DA:67,0
DA:68,0
DA:69,0
DA:70,0
DA:77,0
DA:78,0
DA:80,0
DA:81,0
DA:82,0
DA:83,0
DA:85,0
DA:87,0
DA:99,0
DA:103,0
DA:108,0
DA:115,0
DA:116,0
DA:118,0
DA:119,0
DA:120,0
DA:122,0
DA:124,0
DA:138,0
DA:142,0
DA:146,0
DA:150,0
DA:156,0
DA:162,0
DA:163,0
DA:164,0
DA:166,0
DA:174,0
DA:177,0
DA:178,0
DA:180,0
DA:181,0
DA:182,0
DA:183,0
DA:188,0
DA:189,0
DA:190,0
DA:191,0
DA:192,0
DA:196,0
DA:197,0
DA:198,0
DA:205,0
DA:208,0
DA:210,0
DA:211,0
DA:212,0
DA:214,0
DA:215,0
DA:216,0
DA:218,0
DA:219,0
DA:220,0
DA:222,0
DA:223,0
DA:225,0
DA:226,0
DA:229,0
DA:230,0
DA:243,0
DA:246,0
DA:247,0
DA:248,0
DA:249,0
DA:252,0
DA:259,0
DA:260,0
DA:261,0
DA:263,0
DA:264,0
DA:265,0
DA:266,0
DA:267,0
DA:268,0
DA:272,0
DA:275,0
LF:92
LH:0
BRDA:37,0,0,0
BRDA:37,0,1,0
BRDA:49,1,0,0
BRDA:49,1,1,0
BRDA:54,2,0,0
BRDA:54,2,1,0
BRDA:58,3,0,0
BRDA:58,3,1,0
BRDA:77,4,0,0
BRDA:77,4,1,0
BRDA:77,5,0,0
BRDA:77,5,1,0
BRDA:80,6,0,0
BRDA:80,6,1,0
BRDA:80,7,0,0
BRDA:80,7,1,0
BRDA:90,8,0,0
BRDA:90,8,1,0
BRDA:91,9,0,0
BRDA:91,9,1,0
BRDA:108,10,0,0
BRDA:108,10,1,0
BRDA:115,11,0,0
BRDA:115,11,1,0
BRDA:115,12,0,0
BRDA:115,12,1,0
BRDA:118,13,0,0
BRDA:118,13,1,0
BRDA:118,14,0,0
BRDA:118,14,1,0
BRDA:126,15,0,0
BRDA:126,15,1,0
BRDA:126,15,2,0
BRDA:127,16,0,0
BRDA:127,16,1,0
BRDA:162,17,0,0
BRDA:162,17,1,0
BRDA:163,18,0,0
BRDA:163,18,1,0
BRDA:163,19,0,0
BRDA:163,19,1,0
BRDA:163,19,2,0
BRDA:168,20,0,0
BRDA:168,20,1,0
BRDA:169,21,0,0
BRDA:169,21,1,0
BRDA:169,21,2,0
BRDA:182,22,0,0
BRDA:182,22,1,0
BRDA:189,23,0,0
BRDA:189,23,1,0
BRDA:190,24,0,0
BRDA:190,24,1,0
BRDA:196,25,0,0
BRDA:196,25,1,0
BRDA:198,26,0,0
BRDA:198,26,1,0
BRDA:208,27,0,0
BRDA:208,27,1,0
BRDA:216,28,0,0
BRDA:216,28,1,0
BRDA:229,29,0,0
BRDA:229,29,1,0
BRDA:248,30,0,0
BRDA:248,30,1,0
BRDA:259,31,0,0
BRDA:259,31,1,0
BRDA:261,32,0,0
BRDA:261,32,1,0
BRDA:261,33,0,0
BRDA:261,33,1,0
BRDA:264,34,0,0
BRDA:264,34,1,0
BRDA:266,35,0,0
BRDA:266,35,1,0
BRDA:266,36,0,0
BRDA:266,36,1,0
BRF:77
BRH:0
end_of_record
TN:
SF:services\servicioOcr.js
FN:21,(anonymous_0)
FN:31,(anonymous_1)
FNF:2
FNH:0
FNDA:0,(anonymous_0)
FNDA:0,(anonymous_1)
DA:7,0
DA:8,0
DA:11,0
DA:12,0
DA:21,0
DA:22,0
DA:31,0
DA:32,0
DA:34,0
DA:35,0
DA:43,0
DA:44,0
DA:48,0
DA:51,0
DA:65,0
DA:115,0
DA:116,0
DA:118,0
DA:121,0
DA:122,0
DA:126,0
LF:21
LH:0
BRDA:12,0,0,0
BRDA:12,0,1,0
BRDA:34,1,0,0
BRDA:34,1,1,0
BRDA:43,2,0,0
BRDA:43,2,1,0
BRF:6
BRH:0
end_of_record
TN:
SF:utils\apiResponse.js
FN:8,(anonymous_0)
FN:29,(anonymous_1)
FN:48,(anonymous_2)
FN:63,(anonymous_3)
FNF:4
FNH:4
FNDA:7,(anonymous_0)
FNDA:29,(anonymous_1)
FNDA:3,(anonymous_2)
FNDA:2,(anonymous_3)
DA:8,7
DA:9,7
DA:15,7
DA:16,1
DA:19,7
DA:29,7
DA:30,29
DA:35,29
DA:36,14
DA:39,29
DA:48,7
DA:49,3
DA:50,3
DA:51,3
DA:53,3
DA:63,7
DA:64,2
DA:66,2
DA:74,7
LF:19
LH:19
BRDA:8,0,0,1
BRDA:8,1,0,6
BRDA:15,2,0,1
BRDA:15,2,1,6
BRDA:29,3,0,1
BRDA:29,4,0,1
BRDA:29,5,0,14
BRDA:35,6,0,14
BRDA:35,6,1,15
BRDA:49,7,0,3
BRDA:49,7,1,2
BRDA:50,8,0,3
BRDA:50,8,1,2
BRF:13
BRH:13
end_of_record
TN:
SF:utils\dbErrors.js
FN:32,isCheckConstraintError
FN:40,getConstraintName
FN:48,mapDbErrorToResponse
FN:58,handleDbError
FNF:4
FNH:4
FNDA:13,isCheckConstraintError
FNDA:4,getConstraintName
FNDA:6,mapDbErrorToResponse
FNDA:2,handleDbError
DA:1,2
DA:3,2
DA:4,2
DA:6,2
DA:33,13
DA:34,11
DA:35,11
DA:36,11
DA:37,11
DA:41,4
DA:42,4
DA:43,4
DA:45,4
DA:49,6
DA:50,4
DA:51,4
DA:53,4
DA:55,2
DA:59,2
DA:60,2
DA:61,1
DA:63,1
DA:66,2
LF:23
LH:23
BRDA:33,0,0,2
BRDA:33,0,1,11
BRDA:34,1,0,11
BRDA:34,1,1,9
BRDA:35,2,0,11
BRDA:35,2,1,10
BRDA:35,2,2,2
BRDA:36,3,0,11
BRDA:36,3,1,10
BRDA:37,4,0,11
BRDA:37,4,1,5
BRDA:41,5,0,4
BRDA:41,5,1,3
BRDA:42,6,0,4
BRDA:42,6,1,3
BRDA:42,6,2,0
BRDA:43,7,0,4
BRDA:43,7,1,3
BRDA:45,8,0,4
BRDA:45,8,1,0
BRDA:48,9,0,4
BRDA:49,10,0,4
BRDA:49,10,1,2
BRDA:51,11,0,4
BRDA:51,11,1,4
BRDA:51,11,2,1
BRDA:53,12,0,4
BRDA:53,12,1,0
BRDA:58,13,0,1
BRDA:60,14,0,1
BRDA:60,14,1,1
BRF:31
BRH:28
end_of_record
TN:
SF:utils\fileEncryption.js
FN:8,getEncryptionKey
FN:22,encryptBuffer
FN:38,decryptFileFromDisk
FN:52,sha256
FN:56,getStorageRoot
FN:60,ensureDir
FNF:6
FNH:6
FNDA:5,getEncryptionKey
FNDA:1,encryptBuffer
FNDA:2,decryptFileFromDisk
FNDA:1,sha256
FNDA:3,getStorageRoot
FNDA:2,ensureDir
DA:1,1
DA:2,1
DA:3,1
DA:5,1
DA:6,1
DA:9,5
DA:10,5
DA:11,1
DA:15,4
DA:23,1
DA:24,1
DA:25,1
DA:26,1
DA:27,1
DA:28,1
DA:39,2
DA:40,2
DA:41,2
DA:42,1
DA:44,1
DA:45,1
DA:46,1
DA:47,1
DA:48,1
DA:49,1
DA:53,1
DA:57,3
DA:61,2
DA:62,1
DA:66,1
LF:30
LH:30
BRDA:10,0,0,1
BRDA:10,0,1,4
BRDA:10,1,0,5
BRDA:10,1,1,5
BRDA:41,2,0,1
BRDA:41,2,1,1
BRDA:61,3,0,1
BRDA:61,3,1,1
BRF:8
BRH:8
end_of_record
TN:
SF:utils\responseFormatter.js
FN:7,(anonymous_0)
FN:21,(anonymous_1)
FNF:2
FNH:2
FNDA:2,(anonymous_0)
FNDA:2,(anonymous_1)
DA:7,1
DA:8,2
DA:21,1
DA:22,2
DA:29,1
LF:5
LH:5
BRDA:7,0,0,1
BRDA:21,1,0,1
BRF:2
BRH:2
end_of_record
TN:
SF:utils\validators.js
FN:3,calcularEdad
FN:13,validarFechaNoFutura
FN:23,validarEdadAtleta
FN:33,validarEdadAdulto
FN:52,(anonymous_4)
FN:68,(anonymous_5)
FN:99,(anonymous_6)
FNF:7
FNH:2
FNDA:0,calcularEdad
FNDA:0,validarFechaNoFutura
FNDA:0,validarEdadAtleta
FNDA:0,validarEdadAdulto
FNDA:5,(anonymous_4)
FNDA:5,(anonymous_5)
FNDA:0,(anonymous_6)
DA:1,1
DA:4,0
DA:5,0
DA:6,0
DA:7,0
DA:8,0
DA:9,0
DA:10,0
DA:14,0
DA:15,0
DA:16,0
DA:17,0
DA:18,0
DA:19,0
DA:20,0
DA:24,0
DA:25,0
DA:26,0
DA:27,0
DA:28,0
DA:29,0
DA:30,0
DA:34,0
DA:35,0
DA:36,0
DA:37,0
DA:38,0
DA:39,0
DA:40,0
DA:46,1
DA:52,5
DA:68,5
DA:100,0
DA:101,0
DA:102,0
DA:104,0
DA:134,1
LF:37
LH:5
BRDA:5,0,0,0
BRDA:5,0,1,0
BRDA:9,1,0,0
BRDA:9,1,1,0
BRDA:9,2,0,0
BRDA:9,2,1,0
BRDA:9,2,2,0
BRDA:14,3,0,0
BRDA:14,3,1,0
BRDA:16,4,0,0
BRDA:16,4,1,0
BRDA:19,5,0,0
BRDA:19,5,1,0
BRDA:24,6,0,0
BRDA:24,6,1,0
BRDA:27,7,0,0
BRDA:27,7,1,0
BRDA:28,8,0,0
BRDA:28,8,1,0
BRDA:29,9,0,0
BRDA:29,9,1,0
BRDA:34,10,0,0
BRDA:34,10,1,0
BRDA:37,11,0,0
BRDA:37,11,1,0
BRDA:38,12,0,0
BRDA:38,12,1,0
BRDA:39,13,0,0
BRDA:39,13,1,0
BRDA:52,14,0,4
BRDA:52,14,1,1
BRDA:68,15,0,5
BRDA:68,15,1,0
BRDA:100,16,0,0
BRDA:100,16,1,0
BRDA:100,17,0,0
BRDA:100,17,1,0
BRDA:101,18,0,0
BRDA:101,18,1,0
BRF:39
BRH:3
end_of_record
